{"numTotalTestSuites":110,"numPassedTestSuites":98,"numFailedTestSuites":12,"numPendingTestSuites":0,"numTotalTests":61,"numPassedTests":54,"numFailedTests":6,"numPendingTests":1,"numTodoTests":0,"snapshot":{"added":0,"failure":false,"filesAdded":0,"filesRemoved":0,"filesRemovedList":[],"filesUnmatched":0,"filesUpdated":0,"matched":0,"total":0,"unchecked":0,"uncheckedKeysByFile":[],"unmatched":0,"updated":0,"didUpdate":false},"startTime":1781437529620,"success":false,"testResults":[{"assertionResults":[{"ancestorTitles":["graph/runtime-graph-capability — Tier 2"],"fullName":"graph/runtime-graph-capability — Tier 2 capability worker executes and the chain is constitutional","status":"passed","title":"capability worker executes and the chain is constitutional","duration":160.3439589999998,"failureMessages":[],"meta":{},"tags":[]}],"startTime":1781437623530,"endTime":1781437623690.344,"status":"passed","message":"","name":"/app/tests/phase-9/graph/runtime-graph-capability.test.mjs"},{"assertionResults":[{"ancestorTitles":["graph/runtime-graph-insights — Tier 2"],"fullName":"graph/runtime-graph-insights — Tier 2 insights worker executes against the graph and mutates state","status":"passed","title":"insights worker executes against the graph and mutates state","duration":202.4520419999999,"failureMessages":[],"meta":{},"tags":[]}],"startTime":1781437575978,"endTime":1781437576180.4521,"status":"passed","message":"","name":"/app/tests/phase-9/graph/runtime-graph-insights.test.mjs"},{"assertionResults":[{"ancestorTitles":["graph/runtime-graph-publishing — Tier 2"],"fullName":"graph/runtime-graph-publishing — Tier 2 publishing worker executes and the chain is constitutional","status":"passed","title":"publishing worker executes and the chain is constitutional","duration":160.17229099999986,"failureMessages":[],"meta":{},"tags":[]}],"startTime":1781437623535,"endTime":1781437623695.1724,"status":"passed","message":"","name":"/app/tests/phase-9/graph/runtime-graph-publishing.test.mjs"},{"assertionResults":[{"ancestorTitles":["graph/runtime-graph-reconciliation — Tier 2"],"fullName":"graph/runtime-graph-reconciliation — Tier 2 reconciliation worker executes and the chain is constitutional","status":"passed","title":"reconciliation worker executes and the chain is constitutional","duration":163.35629199999994,"failureMessages":[],"meta":{},"tags":[]}],"startTime":1781437623413,"endTime":1781437623576.3562,"status":"passed","message":"","name":"/app/tests/phase-9/graph/runtime-graph-reconciliation.test.mjs"},{"assertionResults":[{"ancestorTitles":["graph/runtime-graph-recovery — Tier 2"],"fullName":"graph/runtime-graph-recovery — Tier 2 recovery worker executes and the chain is constitutional","status":"passed","title":"recovery worker executes and the chain is constitutional","duration":172.08858400000008,"failureMessages":[],"meta":{},"tags":[]}],"startTime":1781437623577,"endTime":1781437623749.0886,"status":"passed","message":"","name":"/app/tests/phase-9/graph/runtime-graph-recovery.test.mjs"},{"assertionResults":[{"ancestorTitles":["cross-kernel/acquisition-to-capability"],"fullName":"cross-kernel/acquisition-to-capability routes the signal constitutionally","status":"passed","title":"routes the signal constitutionally","duration":20756.514259,"failureMessages":[],"meta":{},"tags":[]}],"startTime":1781437628270,"endTime":1781437649026.5142,"status":"passed","message":"","name":"/app/tests/phase-9/cross-kernel/acquisition-to-capability.test.mjs"},{"assertionResults":[{"ancestorTitles":["cross-kernel/acquisition-to-insights"],"fullName":"cross-kernel/acquisition-to-insights routes the signal constitutionally","status":"passed","title":"routes the signal constitutionally","duration":20883.755843000003,"failureMessages":[],"meta":{},"tags":[]}],"startTime":1781437645029,"endTime":1781437665912.7559,"status":"passed","message":"","name":"/app/tests/phase-9/cross-kernel/acquisition-to-insights.test.mjs"},{"assertionResults":[{"ancestorTitles":["cross-kernel/acquisition-to-publishing"],"fullName":"cross-kernel/acquisition-to-publishing routes the signal constitutionally","status":"passed","title":"routes the signal constitutionally","duration":20741.827176,"failureMessages":[],"meta":{},"tags":[]}],"startTime":1781437642675,"endTime":1781437663416.8271,"status":"passed","message":"","name":"/app/tests/phase-9/cross-kernel/acquisition-to-publishing.test.mjs"},{"assertionResults":[{"ancestorTitles":["cross-kernel/acquisition-to-recovery"],"fullName":"cross-kernel/acquisition-to-recovery routes the signal constitutionally","status":"passed","title":"routes the signal constitutionally","duration":20830.759468,"failureMessages":[],"meta":{},"tags":[]}],"startTime":1781437649457,"endTime":1781437670287.7595,"status":"passed","message":"","name":"/app/tests/phase-9/cross-kernel/acquisition-to-recovery.test.mjs"},{"assertionResults":[{"ancestorTitles":["cross-kernel/capability-to-acquisition"],"fullName":"cross-kernel/capability-to-acquisition routes the signal constitutionally","status":"passed","title":"routes the signal constitutionally","duration":20786.553677,"failureMessages":[],"meta":{},"tags":[]}],"startTime":1781437643742,"endTime":1781437664528.5537,"status":"passed","message":"","name":"/app/tests/phase-9/cross-kernel/capability-to-acquisition.test.mjs"},{"assertionResults":[{"ancestorTitles":["cross-kernel/capability-to-insights"],"fullName":"cross-kernel/capability-to-insights routes the signal constitutionally","status":"passed","title":"routes the signal constitutionally","duration":20933.441926,"failureMessages":[],"meta":{},"tags":[]}],"startTime":1781437665698,"endTime":1781437686631.442,"status":"passed","message":"","name":"/app/tests/phase-9/cross-kernel/capability-to-insights.test.mjs"},{"assertionResults":[{"ancestorTitles":["cross-kernel/capability-to-publishing"],"fullName":"cross-kernel/capability-to-publishing routes the signal constitutionally","status":"passed","title":"routes the signal constitutionally","duration":20917.677384,"failureMessages":[],"meta":{},"tags":[]}],"startTime":1781437644990,"endTime":1781437665907.6775,"status":"passed","message":"","name":"/app/tests/phase-9/cross-kernel/capability-to-publishing.test.mjs"},{"assertionResults":[{"ancestorTitles":["cross-kernel/capability-to-recovery"],"fullName":"cross-kernel/capability-to-recovery routes the signal constitutionally","status":"passed","title":"routes the signal constitutionally","duration":20792.937968,"failureMessages":[],"meta":{},"tags":[]}],"startTime":1781437666917,"endTime":1781437687709.938,"status":"passed","message":"","name":"/app/tests/phase-9/cross-kernel/capability-to-recovery.test.mjs"},{"assertionResults":[{"ancestorTitles":["cross-kernel/insights-to-acquisition"],"fullName":"cross-kernel/insights-to-acquisition routes the signal constitutionally","status":"passed","title":"routes the signal constitutionally","duration":20741.855342,"failureMessages":[],"meta":{},"tags":[]}],"startTime":1781437663856,"endTime":1781437684597.8552,"status":"passed","message":"","name":"/app/tests/phase-9/cross-kernel/insights-to-acquisition.test.mjs"},{"assertionResults":[{"ancestorTitles":["cross-kernel/insights-to-capability"],"fullName":"cross-kernel/insights-to-capability routes the signal constitutionally","status":"passed","title":"routes the signal constitutionally","duration":20779.252218,"failureMessages":[],"meta":{},"tags":[]}],"startTime":1781437666930,"endTime":1781437687709.2522,"status":"passed","message":"","name":"/app/tests/phase-9/cross-kernel/insights-to-capability.test.mjs"},{"assertionResults":[{"ancestorTitles":["cross-kernel/insights-to-publishing"],"fullName":"cross-kernel/insights-to-publishing routes the signal constitutionally","status":"passed","title":"routes the signal constitutionally","duration":20777.534842999998,"failureMessages":[],"meta":{},"tags":[]}],"startTime":1781437666932,"endTime":1781437687709.535,"status":"passed","message":"","name":"/app/tests/phase-9/cross-kernel/insights-to-publishing.test.mjs"},{"assertionResults":[{"ancestorTitles":["cross-kernel/insights-to-recovery"],"fullName":"cross-kernel/insights-to-recovery routes the signal constitutionally","status":"passed","title":"routes the signal constitutionally","duration":20778.384966999998,"failureMessages":[],"meta":{},"tags":[]}],"startTime":1781437688307,"endTime":1781437709085.385,"status":"passed","message":"","name":"/app/tests/phase-9/cross-kernel/insights-to-recovery.test.mjs"},{"assertionResults":[{"ancestorTitles":["cross-kernel/publishing-to-acquisition"],"fullName":"cross-kernel/publishing-to-acquisition routes the signal constitutionally","status":"passed","title":"routes the signal constitutionally","duration":20863.122301000003,"failureMessages":[],"meta":{},"tags":[]}],"startTime":1781437644482,"endTime":1781437665345.1223,"status":"passed","message":"","name":"/app/tests/phase-9/cross-kernel/publishing-to-acquisition.test.mjs"},{"assertionResults":[{"ancestorTitles":["cross-kernel/publishing-to-capability"],"fullName":"cross-kernel/publishing-to-capability routes the signal constitutionally","status":"passed","title":"routes the signal constitutionally","duration":20905.089302,"failureMessages":[],"meta":{},"tags":[]}],"startTime":1781437645002,"endTime":1781437665907.0894,"status":"passed","message":"","name":"/app/tests/phase-9/cross-kernel/publishing-to-capability.test.mjs"},{"assertionResults":[{"ancestorTitles":["cross-kernel/publishing-to-insights"],"fullName":"cross-kernel/publishing-to-insights routes the signal constitutionally","status":"passed","title":"routes the signal constitutionally","duration":20761.990551,"failureMessages":[],"meta":{},"tags":[]}],"startTime":1781437670777,"endTime":1781437691538.9905,"status":"passed","message":"","name":"/app/tests/phase-9/cross-kernel/publishing-to-insights.test.mjs"},{"assertionResults":[{"ancestorTitles":["cross-kernel/publishing-to-recovery"],"fullName":"cross-kernel/publishing-to-recovery routes the signal constitutionally","status":"passed","title":"routes the signal constitutionally","duration":20748.100759,"failureMessages":[],"meta":{},"tags":[]}],"startTime":1781437685078,"endTime":1781437705826.1008,"status":"passed","message":"","name":"/app/tests/phase-9/cross-kernel/publishing-to-recovery.test.mjs"},{"assertionResults":[{"ancestorTitles":["cross-kernel/recovery-to-acquisition"],"fullName":"cross-kernel/recovery-to-acquisition routes the signal constitutionally","status":"passed","title":"routes the signal constitutionally","duration":20724.065927,"failureMessages":[],"meta":{},"tags":[]}],"startTime":1781437664944,"endTime":1781437685668.066,"status":"passed","message":"","name":"/app/tests/phase-9/cross-kernel/recovery-to-acquisition.test.mjs"},{"assertionResults":[{"ancestorTitles":["cross-kernel/recovery-to-capability"],"fullName":"cross-kernel/recovery-to-capability routes the signal constitutionally","status":"passed","title":"routes the signal constitutionally","duration":20742.379509,"failureMessages":[],"meta":{},"tags":[]}],"startTime":1781437686073,"endTime":1781437706815.3794,"status":"passed","message":"","name":"/app/tests/phase-9/cross-kernel/recovery-to-capability.test.mjs"},{"assertionResults":[{"ancestorTitles":["cross-kernel/recovery-to-insights"],"fullName":"cross-kernel/recovery-to-insights routes the signal constitutionally","status":"passed","title":"routes the signal constitutionally","duration":20776.583050999998,"failureMessages":[],"meta":{},"tags":[]}],"startTime":1781437688309,"endTime":1781437709085.583,"status":"passed","message":"","name":"/app/tests/phase-9/cross-kernel/recovery-to-insights.test.mjs"},{"assertionResults":[{"ancestorTitles":["cross-kernel/recovery-to-publishing"],"fullName":"cross-kernel/recovery-to-publishing routes the signal constitutionally","status":"passed","title":"routes the signal constitutionally","duration":20760.662051000003,"failureMessages":[],"meta":{},"tags":[]}],"startTime":1781437687093,"endTime":1781437707853.662,"status":"passed","message":"","name":"/app/tests/phase-9/cross-kernel/recovery-to-publishing.test.mjs"},{"assertionResults":[{"ancestorTitles":["drift/authority-drift"],"fullName":"drift/authority-drift no authority drift detected in a clean run","status":"passed","title":"no authority drift detected in a clean run","duration":164.02100000000019,"failureMessages":[],"meta":{},"tags":[]}],"startTime":1781437599904,"endTime":1781437600068.021,"status":"passed","message":"","name":"/app/tests/phase-9/drift/authority-drift.test.mjs"},{"assertionResults":[{"ancestorTitles":["drift/cross-kernel-contamination"],"fullName":"drift/cross-kernel-contamination no contamination drift detected in a clean run","status":"passed","title":"no contamination drift detected in a clean run","duration":159.07025,"failureMessages":[],"meta":{},"tags":[]}],"startTime":1781437599342,"endTime":1781437599501.0703,"status":"passed","message":"","name":"/app/tests/phase-9/drift/cross-kernel-contamination.test.mjs"},{"assertionResults":[{"ancestorTitles":["drift/fsm-ownership"],"fullName":"drift/fsm-ownership no fsm drift detected in a clean run","status":"passed","title":"no fsm drift detected in a clean run","duration":158.26866700000028,"failureMessages":[],"meta":{},"tags":[]}],"startTime":1781437623101,"endTime":1781437623259.2686,"status":"passed","message":"","name":"/app/tests/phase-9/drift/fsm-ownership.test.mjs"},{"assertionResults":[{"ancestorTitles":["drift/governance-leakage"],"fullName":"drift/governance-leakage no leakage drift detected in a clean run","status":"passed","title":"no leakage drift detected in a clean run","duration":830.802209,"failureMessages":[],"meta":{},"tags":[]}],"startTime":1781437606577,"endTime":1781437607407.8022,"status":"passed","message":"","name":"/app/tests/phase-9/drift/governance-leakage.test.mjs"},{"assertionResults":[{"ancestorTitles":["drift/ownership-drift"],"fullName":"drift/ownership-drift no ownership drift detected in a clean run","status":"passed","title":"no ownership drift detected in a clean run","duration":166.97987499999954,"failureMessages":[],"meta":{},"tags":[]}],"startTime":1781437621998,"endTime":1781437622164.98,"status":"passed","message":"","name":"/app/tests/phase-9/drift/ownership-drift.test.mjs"},{"assertionResults":[{"ancestorTitles":["drift/semantic-drift"],"fullName":"drift/semantic-drift no semantic drift detected in a clean run","status":"passed","title":"no semantic drift detected in a clean run","duration":170.23454100000004,"failureMessages":[],"meta":{},"tags":[]}],"startTime":1781437600031,"endTime":1781437600201.2346,"status":"passed","message":"","name":"/app/tests/phase-9/drift/semantic-drift.test.mjs"},{"assertionResults":[{"ancestorTitles":["drift/worker-autonomy"],"fullName":"drift/worker-autonomy no autonomy drift detected in a clean run","status":"passed","title":"no autonomy drift detected in a clean run","duration":163.55712500000004,"failureMessages":[],"meta":{},"tags":[]}],"startTime":1781437599720,"endTime":1781437599883.5571,"status":"passed","message":"","name":"/app/tests/phase-9/drift/worker-autonomy.test.mjs"},{"assertionResults":[{"ancestorTitles":["integration/phase-9-long-running-integrity"],"fullName":"integration/phase-9-long-running-integrity non-increasing violations over 500 ticks (tier=short)","status":"passed","title":"non-increasing violations over 500 ticks (tier=short)","duration":28322.727555,"failureMessages":[],"meta":{},"tags":[]}],"startTime":1781437532394,"endTime":1781437560716.7275,"status":"passed","message":"","name":"/app/tests/phase-9/integration/phase-9-long-running-integrity.test.mjs"},{"assertionResults":[{"ancestorTitles":["integration/phase-9-multi-tick-survival"],"fullName":"integration/phase-9-multi-tick-survival survives 25 ticks (tier=short)","status":"passed","title":"survives 25 ticks (tier=short)","duration":1357.1910000000003,"failureMessages":[],"meta":{},"tags":[]}],"startTime":1781437532350,"endTime":1781437533707.191,"status":"passed","message":"","name":"/app/tests/phase-9/integration/phase-9-multi-tick-survival.test.mjs"},{"assertionResults":[{"ancestorTitles":["integration/phase-9-runtime-composition"],"fullName":"integration/phase-9-runtime-composition all 6 webhook + 5 graph fixtures compose","status":"passed","title":"all 6 webhook + 5 graph fixtures compose","duration":545.1269590000002,"failureMessages":[],"meta":{},"tags":[]}],"startTime":1781437532267,"endTime":1781437532812.127,"status":"passed","message":"","name":"/app/tests/phase-9/integration/phase-9-runtime-composition.test.mjs"},{"assertionResults":[{"ancestorTitles":["integration/phase-9-scenario-message-thread"],"fullName":"integration/phase-9-scenario-message-thread message thread runs end-to-end","status":"passed","title":"message thread runs end-to-end","duration":533.428167,"failureMessages":[],"meta":{},"tags":[]}],"startTime":1781437532373,"endTime":1781437532906.4282,"status":"passed","message":"","name":"/app/tests/phase-9/integration/phase-9-scenario-message-thread.test.mjs"},{"assertionResults":[{"ancestorTitles":["replay/lineage-replay"],"fullName":"replay/lineage-replay replay matches the actual runtime state","status":"passed","title":"replay matches the actual runtime state","duration":186.9085,"failureMessages":[],"meta":{},"tags":[]}],"startTime":1781437577218,"endTime":1781437577404.9084,"status":"passed","message":"","name":"/app/tests/phase-9/replay/lineage-replay.test.mjs"},{"assertionResults":[{"ancestorTitles":["ownership/ownership-trace-comment"],"fullName":"ownership/ownership-trace-comment chain owners match the architecture mandate","status":"failed","title":"chain owners match the architecture mandate","duration":4.3442079999999805,"failureMessages":["Error: ENOENT: no such file or directory, open '/app/tests/phase-9/fixtures/webhooks/canonical/comment.json'\n    at Object.readFileSync (node:fs:440:20)\n    at /app/tests/phase-9/ownership/ownership-trace-comment.test.mjs:37:32\n    at file:///app/node_modules/@vitest/runner/dist/chunk-artifact.js:302:11\n    at file:///app/node_modules/@vitest/runner/dist/chunk-artifact.js:1903:26\n    at file:///app/node_modules/@vitest/runner/dist/chunk-artifact.js:2326:20\n    at new Promise (<anonymous>)\n    at runWithCancel (file:///app/node_modules/@vitest/runner/dist/chunk-artifact.js:2323:10)\n    at file:///app/node_modules/@vitest/runner/dist/chunk-artifact.js:2305:20\n    at new Promise (<anonymous>)\n    at runWithTimeout (file:///app/node_modules/@vitest/runner/dist/chunk-artifact.js:2272:10)"],"meta":{},"tags":[]}],"startTime":1781437554951,"endTime":1781437554955.3442,"status":"failed","message":"","name":"/app/tests/phase-9/ownership/ownership-trace-comment.test.mjs"},{"assertionResults":[{"ancestorTitles":["ownership/ownership-trace-conversation"],"fullName":"ownership/ownership-trace-conversation chain owners match the architecture mandate","status":"failed","title":"chain owners match the architecture mandate","duration":4.095166999999947,"failureMessages":["Error: ENOENT: no such file or directory, open '/app/tests/phase-9/fixtures/webhooks/canonical/conversation.json'\n    at Object.readFileSync (node:fs:440:20)\n    at /app/tests/phase-9/ownership/ownership-trace-conversation.test.mjs:37:32\n    at file:///app/node_modules/@vitest/runner/dist/chunk-artifact.js:302:11\n    at file:///app/node_modules/@vitest/runner/dist/chunk-artifact.js:1903:26\n    at file:///app/node_modules/@vitest/runner/dist/chunk-artifact.js:2326:20\n    at new Promise (<anonymous>)\n    at runWithCancel (file:///app/node_modules/@vitest/runner/dist/chunk-artifact.js:2323:10)\n    at file:///app/node_modules/@vitest/runner/dist/chunk-artifact.js:2305:20\n    at new Promise (<anonymous>)\n    at runWithTimeout (file:///app/node_modules/@vitest/runner/dist/chunk-artifact.js:2272:10)"],"meta":{},"tags":[]}],"startTime":1781437532268,"endTime":1781437532272.0952,"status":"failed","message":"","name":"/app/tests/phase-9/ownership/ownership-trace-conversation.test.mjs"},{"assertionResults":[{"ancestorTitles":["ownership/ownership-trace-media"],"fullName":"ownership/ownership-trace-media chain owners match the architecture mandate","status":"failed","title":"chain owners match the architecture mandate","duration":6.257292000000007,"failureMessages":["Error: ENOENT: no such file or directory, open '/app/tests/phase-9/fixtures/webhooks/canonical/media.json'\n    at Object.readFileSync (node:fs:440:20)\n    at /app/tests/phase-9/ownership/ownership-trace-media.test.mjs:37:32\n    at file:///app/node_modules/@vitest/runner/dist/chunk-artifact.js:302:11\n    at file:///app/node_modules/@vitest/runner/dist/chunk-artifact.js:1903:26\n    at file:///app/node_modules/@vitest/runner/dist/chunk-artifact.js:2326:20\n    at new Promise (<anonymous>)\n    at runWithCancel (file:///app/node_modules/@vitest/runner/dist/chunk-artifact.js:2323:10)\n    at file:///app/node_modules/@vitest/runner/dist/chunk-artifact.js:2305:20\n    at new Promise (<anonymous>)\n    at runWithTimeout (file:///app/node_modules/@vitest/runner/dist/chunk-artifact.js:2272:10)"],"meta":{},"tags":[]}],"startTime":1781437555544,"endTime":1781437555550.2573,"status":"failed","message":"","name":"/app/tests/phase-9/ownership/ownership-trace-media.test.mjs"},{"assertionResults":[{"ancestorTitles":["ownership/ownership-trace-mention"],"fullName":"ownership/ownership-trace-mention chain owners match the architecture mandate","status":"failed","title":"chain owners match the architecture mandate","duration":4.238292000000001,"failureMessages":["Error: ENOENT: no such file or directory, open '/app/tests/phase-9/fixtures/webhooks/canonical/mention.json'\n    at Object.readFileSync (node:fs:440:20)\n    at /app/tests/phase-9/ownership/ownership-trace-mention.test.mjs:37:32\n    at file:///app/node_modules/@vitest/runner/dist/chunk-artifact.js:302:11\n    at file:///app/node_modules/@vitest/runner/dist/chunk-artifact.js:1903:26\n    at file:///app/node_modules/@vitest/runner/dist/chunk-artifact.js:2326:20\n    at new Promise (<anonymous>)\n    at runWithCancel (file:///app/node_modules/@vitest/runner/dist/chunk-artifact.js:2323:10)\n    at file:///app/node_modules/@vitest/runner/dist/chunk-artifact.js:2305:20\n    at new Promise (<anonymous>)\n    at runWithTimeout (file:///app/node_modules/@vitest/runner/dist/chunk-artifact.js:2272:10)"],"meta":{},"tags":[]}],"startTime":1781437555079,"endTime":1781437555083.2383,"status":"failed","message":"","name":"/app/tests/phase-9/ownership/ownership-trace-mention.test.mjs"},{"assertionResults":[{"ancestorTitles":["ownership/ownership-trace-message"],"fullName":"ownership/ownership-trace-message chain owners match the architecture mandate","status":"failed","title":"chain owners match the architecture mandate","duration":4.139832999999953,"failureMessages":["Error: ENOENT: no such file or directory, open '/app/tests/phase-9/fixtures/webhooks/canonical/message.json'\n    at Object.readFileSync (node:fs:440:20)\n    at /app/tests/phase-9/ownership/ownership-trace-message.test.mjs:37:32\n    at file:///app/node_modules/@vitest/runner/dist/chunk-artifact.js:302:11\n    at file:///app/node_modules/@vitest/runner/dist/chunk-artifact.js:1903:26\n    at file:///app/node_modules/@vitest/runner/dist/chunk-artifact.js:2326:20\n    at new Promise (<anonymous>)\n    at runWithCancel (file:///app/node_modules/@vitest/runner/dist/chunk-artifact.js:2323:10)\n    at file:///app/node_modules/@vitest/runner/dist/chunk-artifact.js:2305:20\n    at new Promise (<anonymous>)\n    at runWithTimeout (file:///app/node_modules/@vitest/runner/dist/chunk-artifact.js:2272:10)"],"meta":{},"tags":[]}],"startTime":1781437555427,"endTime":1781437555431.14,"status":"failed","message":"","name":"/app/tests/phase-9/ownership/ownership-trace-message.test.mjs"},{"assertionResults":[{"ancestorTitles":["ownership/ownership-trace-story-reply"],"fullName":"ownership/ownership-trace-story-reply chain owners match the architecture mandate","status":"failed","title":"chain owners match the architecture mandate","duration":163.73254199999997,"failureMessages":["AssertionError: mutation owner must be mutation-substrate: expected null to be 'mutation-substrate' // Object.is equality\n    at /app/tests/phase-9/ownership/ownership-trace-story-reply.test.mjs:50:83\n    at file:///app/node_modules/@vitest/runner/dist/chunk-artifact.js:1903:20"],"meta":{},"tags":[]}],"startTime":1781437553863,"endTime":1781437554026.7324,"status":"failed","message":"","name":"/app/tests/phase-9/ownership/ownership-trace-story-reply.test.mjs"},{"assertionResults":[{"ancestorTitles":["webhook/runtime-webhook-captured — Tier 1 (deferred to phase 10)"],"fullName":"webhook/runtime-webhook-captured — Tier 1 (deferred to phase 10) runs against captured Meta payloads once captured/ is populated (phase 10)","status":"skipped","title":"runs against captured Meta payloads once captured/ is populated (phase 10)","failureMessages":[],"meta":{},"tags":[]},{"ancestorTitles":["webhook/runtime-webhook-captured — Tier 1 (deferred to phase 10)"],"fullName":"webhook/runtime-webhook-captured — Tier 1 (deferred to phase 10) captured/ directory exists and is ready to receive payloads","status":"passed","title":"captured/ directory exists and is ready to receive payloads","duration":1.7746670000000222,"failureMessages":[],"meta":{},"tags":[]}],"startTime":1781437596904,"endTime":1781437596905.7747,"status":"passed","message":"","name":"/app/tests/phase-9/webhook/runtime-webhook-captured.test.mjs"},{"assertionResults":[{"ancestorTitles":["webhook/runtime-webhook-duplicate — Tier 1"],"fullName":"webhook/runtime-webhook-duplicate — Tier 1 duplicate delivery produces a single observed chain","status":"passed","title":"duplicate delivery produces a single observed chain","duration":162.81187499999987,"failureMessages":[],"meta":{},"tags":[]}],"startTime":1781437554371,"endTime":1781437554533.8118,"status":"passed","message":"","name":"/app/tests/phase-9/webhook/runtime-webhook-duplicate.test.mjs"},{"assertionResults":[{"ancestorTitles":["webhook/runtime-webhook-ingress — Tier 1"],"fullName":"webhook/runtime-webhook-ingress — Tier 1 delivers message-created through the real runtime and observes the chain","status":"passed","title":"delivers message-created through the real runtime and observes the chain","duration":166.51900100000012,"failureMessages":[],"meta":{},"tags":[]},{"ancestorTitles":["webhook/runtime-webhook-ingress — Tier 1"],"fullName":"webhook/runtime-webhook-ingress — Tier 1 delivers comment-created through the real runtime and observes the chain","status":"passed","title":"delivers comment-created through the real runtime and observes the chain","duration":163.86629100000027,"failureMessages":[],"meta":{},"tags":[]},{"ancestorTitles":["webhook/runtime-webhook-ingress — Tier 1"],"fullName":"webhook/runtime-webhook-ingress — Tier 1 delivers mention-created through the real runtime and observes the chain","status":"passed","title":"delivers mention-created through the real runtime and observes the chain","duration":160.897833,"failureMessages":[],"meta":{},"tags":[]},{"ancestorTitles":["webhook/runtime-webhook-ingress — Tier 1"],"fullName":"webhook/runtime-webhook-ingress — Tier 1 delivers story-reply through the real runtime and observes the chain","status":"passed","title":"delivers story-reply through the real runtime and observes the chain","duration":158.46987499999977,"failureMessages":[],"meta":{},"tags":[]},{"ancestorTitles":["webhook/runtime-webhook-ingress — Tier 1"],"fullName":"webhook/runtime-webhook-ingress — Tier 1 delivers media-update through the real runtime and observes the chain","status":"passed","title":"delivers media-update through the real runtime and observes the chain","duration":173.09679200000028,"failureMessages":[],"meta":{},"tags":[]},{"ancestorTitles":["webhook/runtime-webhook-ingress — Tier 1"],"fullName":"webhook/runtime-webhook-ingress — Tier 1 delivers conversation-update through the real runtime and observes the chain","status":"passed","title":"delivers conversation-update through the real runtime and observes the chain","duration":164.24408300000005,"failureMessages":[],"meta":{},"tags":[]}],"startTime":1781437532375,"endTime":1781437533363.2441,"status":"passed","message":"","name":"/app/tests/phase-9/webhook/runtime-webhook-ingress.test.mjs"},{"assertionResults":[{"ancestorTitles":["webhook/runtime-webhook-retry — Tier 1"],"fullName":"webhook/runtime-webhook-retry — Tier 1 runtime observes the chain even when transport is rate-limited","status":"passed","title":"runtime observes the chain even when transport is rate-limited","duration":168.55158400000028,"failureMessages":[],"meta":{},"tags":[]}],"startTime":1781437532384,"endTime":1781437532552.5515,"status":"passed","message":"","name":"/app/tests/phase-9/webhook/runtime-webhook-retry.test.mjs"},{"assertionResults":[{"ancestorTitles":["webhook/runtime-webhook-schema-drift — Tier 1"],"fullName":"webhook/runtime-webhook-schema-drift — Tier 1 unknown shape produces a governance-rejected chain","status":"passed","title":"unknown shape produces a governance-rejected chain","duration":161.39987500000007,"failureMessages":[],"meta":{},"tags":[]}],"startTime":1781437575138,"endTime":1781437575299.4,"status":"passed","message":"","name":"/app/tests/phase-9/webhook/runtime-webhook-schema-drift.test.mjs"},{"assertionResults":[{"ancestorTitles":["webhook/runtime-webhook-signature — Tier 1"],"fullName":"webhook/runtime-webhook-signature — Tier 1 bad signature produces an ingress-rejected chain","status":"passed","title":"bad signature produces an ingress-rejected chain","duration":166.9798340000002,"failureMessages":[],"meta":{},"tags":[]}],"startTime":1781437577513,"endTime":1781437577679.9797,"status":"passed","message":"","name":"/app/tests/phase-9/webhook/runtime-webhook-signature.test.mjs"},{"assertionResults":[{"ancestorTitles":["sovereignty/kernel-sovereignty-acquisition-coupling"],"fullName":"sovereignty/kernel-sovereignty-acquisition-coupling drift detector finds a deliberate cross-kernel violation","status":"passed","title":"drift detector finds a deliberate cross-kernel violation","duration":1.5211249999999836,"failureMessages":[],"meta":{},"tags":[]}],"startTime":1781437627894,"endTime":1781437627895.5212,"status":"passed","message":"","name":"/app/tests/phase-9/sovereignty/kernel-sovereignty-acquisition-coupling.test.mjs"},{"assertionResults":[{"ancestorTitles":["sovereignty/kernel-sovereignty-acquisition"],"fullName":"sovereignty/kernel-sovereignty-acquisition kernel boots without degraded-mode errors","status":"passed","title":"kernel boots without degraded-mode errors","duration":6.076832999999624,"failureMessages":[],"meta":{},"tags":[]}],"startTime":1781437578390,"endTime":1781437578396.077,"status":"passed","message":"","name":"/app/tests/phase-9/sovereignty/kernel-sovereignty-acquisition.test.mjs"},{"assertionResults":[{"ancestorTitles":["sovereignty/kernel-sovereignty-capability"],"fullName":"sovereignty/kernel-sovereignty-capability kernel boots without degraded-mode errors","status":"passed","title":"kernel boots without degraded-mode errors","duration":5.970624999999927,"failureMessages":[],"meta":{},"tags":[]}],"startTime":1781437583177,"endTime":1781437583182.9707,"status":"passed","message":"","name":"/app/tests/phase-9/sovereignty/kernel-sovereignty-capability.test.mjs"},{"assertionResults":[{"ancestorTitles":["sovereignty/kernel-sovereignty-publishing"],"fullName":"sovereignty/kernel-sovereignty-publishing kernel boots without degraded-mode errors","status":"passed","title":"kernel boots without degraded-mode errors","duration":2.003124999999727,"failureMessages":[],"meta":{},"tags":[]}],"startTime":1781437597833,"endTime":1781437597835.0032,"status":"passed","message":"","name":"/app/tests/phase-9/sovereignty/kernel-sovereignty-publishing.test.mjs"},{"assertionResults":[{"ancestorTitles":["sovereignty/kernel-sovereignty-reconciliation"],"fullName":"sovereignty/kernel-sovereignty-reconciliation kernel boots without degraded-mode errors","status":"passed","title":"kernel boots without degraded-mode errors","duration":9.505709000000024,"failureMessages":[],"meta":{},"tags":[]}],"startTime":1781437577982,"endTime":1781437577991.5056,"status":"passed","message":"","name":"/app/tests/phase-9/sovereignty/kernel-sovereignty-reconciliation.test.mjs"},{"assertionResults":[{"ancestorTitles":["sovereignty/kernel-sovereignty-recovery"],"fullName":"sovereignty/kernel-sovereignty-recovery kernel boots without degraded-mode errors","status":"passed","title":"kernel boots without degraded-mode errors","duration":1.703083000000106,"failureMessages":[],"meta":{},"tags":[]}],"startTime":1781437598544,"endTime":1781437598545.7031,"status":"passed","message":"","name":"/app/tests/phase-9/sovereignty/kernel-sovereignty-recovery.test.mjs"}]}