{"numTotalTestSuites":2,"numPassedTestSuites":0,"numFailedTestSuites":2,"numPendingTestSuites":0,"numTotalTests":6,"numPassedTests":0,"numFailedTests":6,"numPendingTests":0,"numTodoTests":0,"snapshot":{"added":0,"failure":false,"filesAdded":0,"filesRemoved":0,"filesRemovedList":[],"filesUnmatched":0,"filesUpdated":0,"matched":0,"total":0,"unchecked":0,"uncheckedKeysByFile":[],"unmatched":0,"updated":0,"didUpdate":false},"startTime":1781433991585,"success":false,"testResults":[{"assertionResults":[{"ancestorTitles":["webhook/runtime-webhook-ingress — Tier 1"],"fullName":"webhook/runtime-webhook-ingress — Tier 1 delivers message-created through the real runtime and observes the chain","status":"failed","title":"delivers message-created through the real runtime and observes the chain","duration":173.94008299999996,"failureMessages":["AssertionError: message-created: no worker execution observed at all: expected 0 to be greater than 0\n    at /app/tests/phase-9/webhook/runtime-webhook-ingress.test.mjs:95:83\n    at processTicksAndRejections (node:internal/process/task_queues:103:5)\n    at file:///app/node_modules/@vitest/runner/dist/chunk-artifact.js:1903:20"],"meta":{},"tags":[]},{"ancestorTitles":["webhook/runtime-webhook-ingress — Tier 1"],"fullName":"webhook/runtime-webhook-ingress — Tier 1 delivers comment-created through the real runtime and observes the chain","status":"failed","title":"delivers comment-created through the real runtime and observes the chain","duration":164.38841700000012,"failureMessages":["AssertionError: comment-created: no worker execution observed at all: expected 0 to be greater than 0\n    at /app/tests/phase-9/webhook/runtime-webhook-ingress.test.mjs:95:83\n    at processTicksAndRejections (node:internal/process/task_queues:103:5)\n    at file:///app/node_modules/@vitest/runner/dist/chunk-artifact.js:1903:20"],"meta":{},"tags":[]},{"ancestorTitles":["webhook/runtime-webhook-ingress — Tier 1"],"fullName":"webhook/runtime-webhook-ingress — Tier 1 delivers mention-created through the real runtime and observes the chain","status":"failed","title":"delivers mention-created through the real runtime and observes the chain","duration":174.70425,"failureMessages":["AssertionError: mention-created: no worker execution observed at all: expected 0 to be greater than 0\n    at /app/tests/phase-9/webhook/runtime-webhook-ingress.test.mjs:95:83\n    at processTicksAndRejections (node:internal/process/task_queues:103:5)\n    at file:///app/node_modules/@vitest/runner/dist/chunk-artifact.js:1903:20"],"meta":{},"tags":[]},{"ancestorTitles":["webhook/runtime-webhook-ingress — Tier 1"],"fullName":"webhook/runtime-webhook-ingress — Tier 1 delivers story-reply through the real runtime and observes the chain","status":"failed","title":"delivers story-reply through the real runtime and observes the chain","duration":159.347125,"failureMessages":["AssertionError: story-reply: no worker execution observed at all: expected 0 to be greater than 0\n    at /app/tests/phase-9/webhook/runtime-webhook-ingress.test.mjs:95:83\n    at processTicksAndRejections (node:internal/process/task_queues:103:5)\n    at file:///app/node_modules/@vitest/runner/dist/chunk-artifact.js:1903:20"],"meta":{},"tags":[]},{"ancestorTitles":["webhook/runtime-webhook-ingress — Tier 1"],"fullName":"webhook/runtime-webhook-ingress — Tier 1 delivers media-update through the real runtime and observes the chain","status":"failed","title":"delivers media-update through the real runtime and observes the chain","duration":165.7171249999999,"failureMessages":["AssertionError: media-update: no worker execution observed at all: expected 0 to be greater than 0\n    at /app/tests/phase-9/webhook/runtime-webhook-ingress.test.mjs:95:83\n    at processTicksAndRejections (node:internal/process/task_queues:103:5)\n    at file:///app/node_modules/@vitest/runner/dist/chunk-artifact.js:1903:20"],"meta":{},"tags":[]},{"ancestorTitles":["webhook/runtime-webhook-ingress — Tier 1"],"fullName":"webhook/runtime-webhook-ingress — Tier 1 delivers conversation-update through the real runtime and observes the chain","status":"failed","title":"delivers conversation-update through the real runtime and observes the chain","duration":161.450875,"failureMessages":["AssertionError: conversation-update: no worker execution observed at all: expected 0 to be greater than 0\n    at /app/tests/phase-9/webhook/runtime-webhook-ingress.test.mjs:95:83\n    at processTicksAndRejections (node:internal/process/task_queues:103:5)\n    at file:///app/node_modules/@vitest/runner/dist/chunk-artifact.js:1903:20"],"meta":{},"tags":[]}],"startTime":1781433992713,"endTime":1781433993713.451,"status":"failed","message":"","name":"/app/tests/phase-9/webhook/runtime-webhook-ingress.test.mjs"}]}