{"numTotalTestSuites":86,"numPassedTestSuites":62,"numFailedTestSuites":24,"numPendingTestSuites":0,"numTotalTests":230,"numPassedTests":140,"numFailedTests":89,"numPendingTests":1,"numTodoTests":0,"snapshot":{"added":0,"failure":false,"filesAdded":0,"filesRemoved":0,"filesRemovedList":[],"filesUnmatched":0,"filesUpdated":0,"matched":0,"total":0,"unchecked":0,"uncheckedKeysByFile":[],"unmatched":0,"updated":0,"didUpdate":false},"startTime":1781346985774,"success":false,"testResults":[{"assertionResults":[{"ancestorTitles":["Full Runtime Composition — Phase 7 integration"],"fullName":"Full Runtime Composition — Phase 7 integration all 9 kernels boot and accept cross-kernel events","status":"passed","title":"all 9 kernels boot and accept cross-kernel events","duration":258.87641700000006,"failureMessages":[],"meta":{},"tags":[]},{"ancestorTitles":["Full Runtime Composition — Phase 7 integration"],"fullName":"Full Runtime Composition — Phase 7 integration no authority leak across kernels","status":"passed","title":"no authority leak across kernels","duration":154.32045799999992,"failureMessages":[],"meta":{},"tags":[]}],"startTime":1781347032333,"endTime":1781347032745.3206,"status":"passed","message":"","name":"/app/tests/phase-7/integration/full-runtime-composition.test.js"},{"assertionResults":[],"startTime":1781346985774,"endTime":1781346985774,"status":"failed","message":"Vitest cannot be imported in a CommonJS module using require(). Please use \"import\" instead.\n\nIf you are using \"import\" in your source code, then it's possible it was bundled into require() automatically by your bundler. In that case, do not bundle CommonJS output since it will never work with Vitest, or use dynamic import() which is available in all CommonJS modules.","name":"/app/tests/phase-7/kernels/acquisition-cadence.test.js"},{"assertionResults":[{"ancestorTitles":["Acquisition Kernel — Phase 7 runtime validation battery"],"fullName":"Acquisition Kernel — Phase 7 runtime validation battery passes the 7-category battery","status":"passed","title":"passes the 7-category battery","duration":1879.6683340000002,"failureMessages":[],"meta":{},"tags":[]},{"ancestorTitles":["Acquisition Kernel — Phase 7 runtime validation battery"],"fullName":"Acquisition Kernel — Phase 7 runtime validation battery passes cognition-layer cross-cuts (acquisition role)","status":"passed","title":"passes cognition-layer cross-cuts (acquisition role)","duration":173.6265830000002,"failureMessages":[],"meta":{},"tags":[]}],"startTime":1781346988451,"endTime":1781346990504.6265,"status":"passed","message":"","name":"/app/tests/phase-7/kernels/acquisition.test.js"},{"assertionResults":[{"ancestorTitles":["Capability Kernel — Phase 7 runtime validation battery"],"fullName":"Capability Kernel — Phase 7 runtime validation battery passes the 7-category battery","status":"passed","title":"passes the 7-category battery","duration":1884.296418,"failureMessages":[],"meta":{},"tags":[]},{"ancestorTitles":["Capability Kernel — Phase 7 runtime validation battery"],"fullName":"Capability Kernel — Phase 7 runtime validation battery passes cognition-layer cross-cuts (capability role)","status":"passed","title":"passes cognition-layer cross-cuts (capability role)","duration":171.65691700000025,"failureMessages":[],"meta":{},"tags":[]}],"startTime":1781346988311,"endTime":1781346990367.657,"status":"passed","message":"","name":"/app/tests/phase-7/kernels/capability.test.js"},{"assertionResults":[{"ancestorTitles":["Constitutional Kernel — gate + routing for governed read"],"fullName":"Constitutional Kernel — gate + routing for governed read SCENARIO 13 — INTERNAL_DOMAIN_EVENTS lets CAPABILITY_DATA_REQUEST pass the canonical source gate (no lineageId needed)","status":"passed","title":"SCENARIO 13 — INTERNAL_DOMAIN_EVENTS lets CAPABILITY_DATA_REQUEST pass the canonical source gate (no lineageId needed)","duration":8.593957999999986,"failureMessages":[],"meta":{},"tags":[]},{"ancestorTitles":["Constitutional Kernel — gate + routing for governed read"],"fullName":"Constitutional Kernel — gate + routing for governed read SCENARIO 13b — A non-internal domain event without lineageId IS rejected by the canonical source gate","status":"passed","title":"SCENARIO 13b — A non-internal domain event without lineageId IS rejected by the canonical source gate","duration":0.4255420000000072,"failureMessages":[],"meta":{},"tags":[]},{"ancestorTitles":["Constitutional Kernel — gate + routing for governed read"],"fullName":"Constitutional Kernel — gate + routing for governed read SCENARIO 14 — DOMAIN_EVENT_MAP routes CAPABILITY_DATA_REQUEST to the graph-capability FSM only","status":"passed","title":"SCENARIO 14 — DOMAIN_EVENT_MAP routes CAPABILITY_DATA_REQUEST to the graph-capability FSM only","duration":2.108958000000001,"failureMessages":[],"meta":{},"tags":[]}],"startTime":1781347032836,"endTime":1781347032847.109,"status":"passed","message":"","name":"/app/tests/phase-7/kernels/ck-routing.test.js"},{"assertionResults":[{"ancestorTitles":["§1  tick-driven cadence"],"fullName":"§1  tick-driven cadence DEDUP_BATCH_BEGIN transitions IDLE → ACTIVE","status":"failed","title":"DEDUP_BATCH_BEGIN transitions IDLE → ACTIVE","duration":11.309999999999945,"failureMessages":["TypeError: sim.runtime.getKernel is not a function\n    at /app/tests/phase-7/kernels/dedup-cadence.test.js:89:38\n    at file:///app/node_modules/@vitest/runner/dist/chunk-artifact.js:1903:20"],"meta":{},"tags":[]},{"ancestorTitles":["§1  tick-driven cadence"],"fullName":"§1  tick-driven cadence CHECK_AND_MARK_DEDUP stays in ACTIVE (no state change)","status":"failed","title":"CHECK_AND_MARK_DEDUP stays in ACTIVE (no state change)","duration":5.035333999999693,"failureMessages":["AssertionError: expected 'IDLE' to be 'ACTIVE' // Object.is equality\n    at /app/tests/phase-7/kernels/dedup-cadence.test.js:106:33\n    at file:///app/node_modules/@vitest/runner/dist/chunk-artifact.js:302:11\n    at file:///app/node_modules/@vitest/runner/dist/chunk-artifact.js:1903:26\n    at file:///app/node_modules/@vitest/runner/dist/chunk-artifact.js:2326:20\n    at new Promise (<anonymous>)\n    at runWithCancel (file:///app/node_modules/@vitest/runner/dist/chunk-artifact.js:2323:10)\n    at file:///app/node_modules/@vitest/runner/dist/chunk-artifact.js:2305:20\n    at new Promise (<anonymous>)\n    at runWithTimeout (file:///app/node_modules/@vitest/runner/dist/chunk-artifact.js:2272:10)\n    at file:///app/node_modules/@vitest/runner/dist/chunk-artifact.js:2955:64"],"meta":{},"tags":[]},{"ancestorTitles":["§1  tick-driven cadence"],"fullName":"§1  tick-driven cadence DEDUP_BATCH_END transitions ACTIVE → IDLE","status":"failed","title":"DEDUP_BATCH_END transitions ACTIVE → IDLE","duration":0.6075000000000728,"failureMessages":["AssertionError: expected 'IDLE' to be 'ACTIVE' // Object.is equality\n    at /app/tests/phase-7/kernels/dedup-cadence.test.js:133:33\n    at file:///app/node_modules/@vitest/runner/dist/chunk-artifact.js:302:11\n    at file:///app/node_modules/@vitest/runner/dist/chunk-artifact.js:1903:26\n    at file:///app/node_modules/@vitest/runner/dist/chunk-artifact.js:2326:20\n    at new Promise (<anonymous>)\n    at runWithCancel (file:///app/node_modules/@vitest/runner/dist/chunk-artifact.js:2323:10)\n    at file:///app/node_modules/@vitest/runner/dist/chunk-artifact.js:2305:20\n    at new Promise (<anonymous>)\n    at runWithTimeout (file:///app/node_modules/@vitest/runner/dist/chunk-artifact.js:2272:10)\n    at file:///app/node_modules/@vitest/runner/dist/chunk-artifact.js:2955:64"],"meta":{},"tags":[]},{"ancestorTitles":["§1  tick-driven cadence"],"fullName":"§1  tick-driven cadence full batch lifecycle: IDLE → ACTIVE → IDLE in order","status":"failed","title":"full batch lifecycle: IDLE → ACTIVE → IDLE in order","duration":0.394249999999829,"failureMessages":["TypeError: sim.runtime.getKernel is not a function\n    at /app/tests/phase-7/kernels/dedup-cadence.test.js:154:36\n    at file:///app/node_modules/@vitest/runner/dist/chunk-artifact.js:302:11\n    at file:///app/node_modules/@vitest/runner/dist/chunk-artifact.js:1903:26\n    at file:///app/node_modules/@vitest/runner/dist/chunk-artifact.js:2326:20\n    at new Promise (<anonymous>)\n    at runWithCancel (file:///app/node_modules/@vitest/runner/dist/chunk-artifact.js:2323:10)\n    at file:///app/node_modules/@vitest/runner/dist/chunk-artifact.js:2305:20\n    at new Promise (<anonymous>)\n    at runWithTimeout (file:///app/node_modules/@vitest/runner/dist/chunk-artifact.js:2272:10)\n    at file:///app/node_modules/@vitest/runner/dist/chunk-artifact.js:2955:64"],"meta":{},"tags":[]},{"ancestorTitles":["§1  tick-driven cadence"],"fullName":"§1  tick-driven cadence DEDUP_BATCH_BEGIN is rejected when already ACTIVE","status":"failed","title":"DEDUP_BATCH_BEGIN is rejected when already ACTIVE","duration":0.2329580000000533,"failureMessages":["TypeError: sim.runtime.getKernel is not a function\n    at /app/tests/phase-7/kernels/dedup-cadence.test.js:193:23\n    at file:///app/node_modules/@vitest/runner/dist/chunk-artifact.js:302:11\n    at file:///app/node_modules/@vitest/runner/dist/chunk-artifact.js:1903:26\n    at file:///app/node_modules/@vitest/runner/dist/chunk-artifact.js:2326:20\n    at new Promise (<anonymous>)\n    at runWithCancel (file:///app/node_modules/@vitest/runner/dist/chunk-artifact.js:2323:10)\n    at file:///app/node_modules/@vitest/runner/dist/chunk-artifact.js:2305:20\n    at new Promise (<anonymous>)\n    at runWithTimeout (file:///app/node_modules/@vitest/runner/dist/chunk-artifact.js:2272:10)\n    at file:///app/node_modules/@vitest/runner/dist/chunk-artifact.js:2955:64"],"meta":{},"tags":[]},{"ancestorTitles":["§1  tick-driven cadence"],"fullName":"§1  tick-driven cadence DEDUP_BATCH_END is rejected when already IDLE","status":"failed","title":"DEDUP_BATCH_END is rejected when already IDLE","duration":0.28733299999976225,"failureMessages":["TypeError: sim.runtime.getKernel is not a function\n    at /app/tests/phase-7/kernels/dedup-cadence.test.js:218:38\n    at file:///app/node_modules/@vitest/runner/dist/chunk-artifact.js:302:11\n    at file:///app/node_modules/@vitest/runner/dist/chunk-artifact.js:1903:26\n    at file:///app/node_modules/@vitest/runner/dist/chunk-artifact.js:2326:20\n    at new Promise (<anonymous>)\n    at runWithCancel (file:///app/node_modules/@vitest/runner/dist/chunk-artifact.js:2323:10)\n    at file:///app/node_modules/@vitest/runner/dist/chunk-artifact.js:2305:20\n    at new Promise (<anonymous>)\n    at runWithTimeout (file:///app/node_modules/@vitest/runner/dist/chunk-artifact.js:2272:10)\n    at file:///app/node_modules/@vitest/runner/dist/chunk-artifact.js:2955:64"],"meta":{},"tags":[]},{"ancestorTitles":["§2  worker cadence order"],"fullName":"§2  worker cadence order check-dedup worker fires before mark-in-flight within CHECK_AND_MARK_DEDUP","status":"failed","title":"check-dedup worker fires before mark-in-flight within CHECK_AND_MARK_DEDUP","duration":0.16970899999978428,"failureMessages":["TypeError: sim.runtime.getKernel is not a function\n    at /app/tests/phase-7/kernels/dedup-cadence.test.js:238:23\n    at file:///app/node_modules/@vitest/runner/dist/chunk-artifact.js:302:11\n    at file:///app/node_modules/@vitest/runner/dist/chunk-artifact.js:1903:26\n    at file:///app/node_modules/@vitest/runner/dist/chunk-artifact.js:2326:20\n    at new Promise (<anonymous>)\n    at runWithCancel (file:///app/node_modules/@vitest/runner/dist/chunk-artifact.js:2323:10)\n    at file:///app/node_modules/@vitest/runner/dist/chunk-artifact.js:2305:20\n    at new Promise (<anonymous>)\n    at runWithTimeout (file:///app/node_modules/@vitest/runner/dist/chunk-artifact.js:2272:10)\n    at file:///app/node_modules/@vitest/runner/dist/chunk-artifact.js:2955:64"],"meta":{},"tags":[]},{"ancestorTitles":["§2  worker cadence order"],"fullName":"§2  worker cadence order multiple CHECK_AND_MARK_DEDUP events fire workers in registration order","status":"failed","title":"multiple CHECK_AND_MARK_DEDUP events fire workers in registration order","duration":0.2384580000002643,"failureMessages":["TypeError: sim.runtime.getKernel is not a function\n    at /app/tests/phase-7/kernels/dedup-cadence.test.js:279:23\n    at file:///app/node_modules/@vitest/runner/dist/chunk-artifact.js:302:11\n    at file:///app/node_modules/@vitest/runner/dist/chunk-artifact.js:1903:26\n    at file:///app/node_modules/@vitest/runner/dist/chunk-artifact.js:2326:20\n    at new Promise (<anonymous>)\n    at runWithCancel (file:///app/node_modules/@vitest/runner/dist/chunk-artifact.js:2323:10)\n    at file:///app/node_modules/@vitest/runner/dist/chunk-artifact.js:2305:20\n    at new Promise (<anonymous>)\n    at runWithTimeout (file:///app/node_modules/@vitest/runner/dist/chunk-artifact.js:2272:10)\n    at file:///app/node_modules/@vitest/runner/dist/chunk-artifact.js:2955:64"],"meta":{},"tags":[]},{"ancestorTitles":["§2  worker cadence order"],"fullName":"§2  worker cadence order clear-tick worker fires on DEDUP_BATCH_END","status":"failed","title":"clear-tick worker fires on DEDUP_BATCH_END","duration":0.4980420000001686,"failureMessages":["TypeError: sim.runtime.getKernel is not a function\n    at /app/tests/phase-7/kernels/dedup-cadence.test.js:319:23\n    at file:///app/node_modules/@vitest/runner/dist/chunk-artifact.js:302:11\n    at file:///app/node_modules/@vitest/runner/dist/chunk-artifact.js:1903:26\n    at file:///app/node_modules/@vitest/runner/dist/chunk-artifact.js:2326:20\n    at new Promise (<anonymous>)\n    at runWithCancel (file:///app/node_modules/@vitest/runner/dist/chunk-artifact.js:2323:10)\n    at file:///app/node_modules/@vitest/runner/dist/chunk-artifact.js:2305:20\n    at new Promise (<anonymous>)\n    at runWithTimeout (file:///app/node_modules/@vitest/runner/dist/chunk-artifact.js:2272:10)\n    at file:///app/node_modules/@vitest/runner/dist/chunk-artifact.js:2955:64"],"meta":{},"tags":[]},{"ancestorTitles":["§3  event causality"],"fullName":"§3  event causality DEDUP_BATCH_BEGIN → DEDUP_BATCH_END chain appears in timeline","status":"passed","title":"DEDUP_BATCH_BEGIN → DEDUP_BATCH_END chain appears in timeline","duration":315.41129200000023,"failureMessages":[],"meta":{},"tags":[]},{"ancestorTitles":["§3  event causality"],"fullName":"§3  event causality state diff reflects FSM transition on DEDUP_BATCH_BEGIN","status":"failed","title":"state diff reflects FSM transition on DEDUP_BATCH_BEGIN","duration":0.5389580000000933,"failureMessages":["TypeError: sim.runtime.getKernel is not a function\n    at /app/tests/phase-7/kernels/dedup-cadence.test.js:392:23\n    at file:///app/node_modules/@vitest/runner/dist/chunk-artifact.js:1903:20"],"meta":{},"tags":[]},{"ancestorTitles":["§3  event causality"],"fullName":"§3  event causality mutationTracker records state transition on DEDUP_BATCH_BEGIN","status":"failed","title":"mutationTracker records state transition on DEDUP_BATCH_BEGIN","duration":0.26433300000007875,"failureMessages":["TypeError: sim.runtime.getKernel is not a function\n    at /app/tests/phase-7/kernels/dedup-cadence.test.js:419:23\n    at file:///app/node_modules/@vitest/runner/dist/chunk-artifact.js:302:11\n    at file:///app/node_modules/@vitest/runner/dist/chunk-artifact.js:1903:26\n    at file:///app/node_modules/@vitest/runner/dist/chunk-artifact.js:2326:20\n    at new Promise (<anonymous>)\n    at runWithCancel (file:///app/node_modules/@vitest/runner/dist/chunk-artifact.js:2323:10)\n    at file:///app/node_modules/@vitest/runner/dist/chunk-artifact.js:2305:20\n    at new Promise (<anonymous>)\n    at runWithTimeout (file:///app/node_modules/@vitest/runner/dist/chunk-artifact.js:2272:10)\n    at file:///app/node_modules/@vitest/runner/dist/chunk-artifact.js:2955:64"],"meta":{},"tags":[]},{"ancestorTitles":["§3  event causality"],"fullName":"§3  event causality CHECK_AND_MARK_DEDUP emits DEDUP_INTENT_CHECKED action","status":"failed","title":"CHECK_AND_MARK_DEDUP emits DEDUP_INTENT_CHECKED action","duration":0.17183299999987867,"failureMessages":["TypeError: sim.runtime.getKernel is not a function\n    at /app/tests/phase-7/kernels/dedup-cadence.test.js:443:23\n    at file:///app/node_modules/@vitest/runner/dist/chunk-artifact.js:302:11\n    at file:///app/node_modules/@vitest/runner/dist/chunk-artifact.js:1903:26\n    at file:///app/node_modules/@vitest/runner/dist/chunk-artifact.js:2326:20\n    at new Promise (<anonymous>)\n    at runWithCancel (file:///app/node_modules/@vitest/runner/dist/chunk-artifact.js:2323:10)\n    at file:///app/node_modules/@vitest/runner/dist/chunk-artifact.js:2305:20\n    at new Promise (<anonymous>)\n    at runWithTimeout (file:///app/node_modules/@vitest/runner/dist/chunk-artifact.js:2272:10)\n    at file:///app/node_modules/@vitest/runner/dist/chunk-artifact.js:2955:64"],"meta":{},"tags":[]},{"ancestorTitles":["§4  governance boundaries"],"fullName":"§4  governance boundaries workers did not govern during CHECK_AND_MARK_DEDUP","status":"failed","title":"workers did not govern during CHECK_AND_MARK_DEDUP","duration":0.1376660000000811,"failureMessages":["TypeError: sim.runtime.getKernel is not a function\n    at /app/tests/phase-7/kernels/dedup-cadence.test.js:480:23\n    at file:///app/node_modules/@vitest/runner/dist/chunk-artifact.js:302:11\n    at file:///app/node_modules/@vitest/runner/dist/chunk-artifact.js:1903:26\n    at file:///app/node_modules/@vitest/runner/dist/chunk-artifact.js:2326:20\n    at new Promise (<anonymous>)\n    at runWithCancel (file:///app/node_modules/@vitest/runner/dist/chunk-artifact.js:2323:10)\n    at file:///app/node_modules/@vitest/runner/dist/chunk-artifact.js:2305:20\n    at new Promise (<anonymous>)\n    at runWithTimeout (file:///app/node_modules/@vitest/runner/dist/chunk-artifact.js:2272:10)\n    at file:///app/node_modules/@vitest/runner/dist/chunk-artifact.js:2955:64"],"meta":{},"tags":[]},{"ancestorTitles":["§4  governance boundaries"],"fullName":"§4  governance boundaries CK.validate is called for DEDUP_BATCH_BEGIN transition","status":"failed","title":"CK.validate is called for DEDUP_BATCH_BEGIN transition","duration":0.18758299999990413,"failureMessages":["TypeError: sim.runtime.getKernel is not a function\n    at /app/tests/phase-7/kernels/dedup-cadence.test.js:507:23\n    at file:///app/node_modules/@vitest/runner/dist/chunk-artifact.js:302:11\n    at file:///app/node_modules/@vitest/runner/dist/chunk-artifact.js:1903:26\n    at file:///app/node_modules/@vitest/runner/dist/chunk-artifact.js:2326:20\n    at new Promise (<anonymous>)\n    at runWithCancel (file:///app/node_modules/@vitest/runner/dist/chunk-artifact.js:2323:10)\n    at file:///app/node_modules/@vitest/runner/dist/chunk-artifact.js:2305:20\n    at new Promise (<anonymous>)\n    at runWithTimeout (file:///app/node_modules/@vitest/runner/dist/chunk-artifact.js:2272:10)\n    at file:///app/node_modules/@vitest/runner/dist/chunk-artifact.js:2955:64"],"meta":{},"tags":[]},{"ancestorTitles":["§4  governance boundaries"],"fullName":"§4  governance boundaries CK.validate is called for DEDUP_BATCH_END transition","status":"failed","title":"CK.validate is called for DEDUP_BATCH_END transition","duration":0.1231670000001941,"failureMessages":["TypeError: sim.runtime.getKernel is not a function\n    at /app/tests/phase-7/kernels/dedup-cadence.test.js:522:23\n    at file:///app/node_modules/@vitest/runner/dist/chunk-artifact.js:302:11\n    at file:///app/node_modules/@vitest/runner/dist/chunk-artifact.js:1903:26\n    at file:///app/node_modules/@vitest/runner/dist/chunk-artifact.js:2326:20\n    at new Promise (<anonymous>)\n    at runWithCancel (file:///app/node_modules/@vitest/runner/dist/chunk-artifact.js:2323:10)\n    at file:///app/node_modules/@vitest/runner/dist/chunk-artifact.js:2305:20\n    at new Promise (<anonymous>)\n    at runWithTimeout (file:///app/node_modules/@vitest/runner/dist/chunk-artifact.js:2272:10)\n    at file:///app/node_modules/@vitest/runner/dist/chunk-artifact.js:2955:64"],"meta":{},"tags":[]},{"ancestorTitles":["§4  governance boundaries"],"fullName":"§4  governance boundaries CK.dispatch is called via dispatchGlobal during batch lifecycle","status":"failed","title":"CK.dispatch is called via dispatchGlobal during batch lifecycle","duration":0.22158400000034817,"failureMessages":["TypeError: sim.runtime.getKernel is not a function\n    at /app/tests/phase-7/kernels/dedup-cadence.test.js:541:23\n    at file:///app/node_modules/@vitest/runner/dist/chunk-artifact.js:302:11\n    at file:///app/node_modules/@vitest/runner/dist/chunk-artifact.js:1903:26\n    at file:///app/node_modules/@vitest/runner/dist/chunk-artifact.js:2326:20\n    at new Promise (<anonymous>)\n    at runWithCancel (file:///app/node_modules/@vitest/runner/dist/chunk-artifact.js:2323:10)\n    at file:///app/node_modules/@vitest/runner/dist/chunk-artifact.js:2305:20\n    at new Promise (<anonymous>)\n    at runWithTimeout (file:///app/node_modules/@vitest/runner/dist/chunk-artifact.js:2272:10)\n    at file:///app/node_modules/@vitest/runner/dist/chunk-artifact.js:2955:64"],"meta":{},"tags":[]},{"ancestorTitles":["§4  governance boundaries"],"fullName":"§4  governance boundaries LOG_DEGRADED action emitted when worker outcomes are reported","status":"failed","title":"LOG_DEGRADED action emitted when worker outcomes are reported","duration":0.12287500000002183,"failureMessages":["TypeError: sim.runtime.getKernel is not a function\n    at /app/tests/phase-7/kernels/dedup-cadence.test.js:570:23\n    at file:///app/node_modules/@vitest/runner/dist/chunk-artifact.js:302:11\n    at file:///app/node_modules/@vitest/runner/dist/chunk-artifact.js:1903:26\n    at file:///app/node_modules/@vitest/runner/dist/chunk-artifact.js:2326:20\n    at new Promise (<anonymous>)\n    at runWithCancel (file:///app/node_modules/@vitest/runner/dist/chunk-artifact.js:2323:10)\n    at file:///app/node_modules/@vitest/runner/dist/chunk-artifact.js:2305:20\n    at new Promise (<anonymous>)\n    at runWithTimeout (file:///app/node_modules/@vitest/runner/dist/chunk-artifact.js:2272:10)\n    at file:///app/node_modules/@vitest/runner/dist/chunk-artifact.js:2955:64"],"meta":{},"tags":[]},{"ancestorTitles":["§5  graph simulator integration"],"fullName":"§5  graph simulator integration N/A — dedup-kernel has no IG-facing workers","status":"skipped","title":"N/A — dedup-kernel has no IG-facing workers","failureMessages":[],"meta":{},"tags":[]},{"ancestorTitles":["§6  cross-kernel dispatch"],"fullName":"§6  cross-kernel dispatch CK.dispatchGlobal is called during DEDUP_BATCH_END for degradation reporting","status":"failed","title":"CK.dispatchGlobal is called during DEDUP_BATCH_END for degradation reporting","duration":0.1667090000000826,"failureMessages":["TypeError: sim.runtime.getKernel is not a function\n    at /app/tests/phase-7/kernels/dedup-cadence.test.js:612:23\n    at file:///app/node_modules/@vitest/runner/dist/chunk-artifact.js:302:11\n    at file:///app/node_modules/@vitest/runner/dist/chunk-artifact.js:1903:26\n    at file:///app/node_modules/@vitest/runner/dist/chunk-artifact.js:2326:20\n    at new Promise (<anonymous>)\n    at runWithCancel (file:///app/node_modules/@vitest/runner/dist/chunk-artifact.js:2323:10)\n    at file:///app/node_modules/@vitest/runner/dist/chunk-artifact.js:2305:20\n    at new Promise (<anonymous>)\n    at runWithTimeout (file:///app/node_modules/@vitest/runner/dist/chunk-artifact.js:2272:10)\n    at file:///app/node_modules/@vitest/runner/dist/chunk-artifact.js:2955:64"],"meta":{},"tags":[]},{"ancestorTitles":["§6  cross-kernel dispatch"],"fullName":"§6  cross-kernel dispatch DEDUP_INTENT_CHECKED action carries lineageId for cross-kernel traceability","status":"failed","title":"DEDUP_INTENT_CHECKED action carries lineageId for cross-kernel traceability","duration":0.1323749999996835,"failureMessages":["TypeError: sim.runtime.getKernel is not a function\n    at /app/tests/phase-7/kernels/dedup-cadence.test.js:651:23\n    at file:///app/node_modules/@vitest/runner/dist/chunk-artifact.js:302:11\n    at file:///app/node_modules/@vitest/runner/dist/chunk-artifact.js:1903:26\n    at file:///app/node_modules/@vitest/runner/dist/chunk-artifact.js:2326:20\n    at new Promise (<anonymous>)\n    at runWithCancel (file:///app/node_modules/@vitest/runner/dist/chunk-artifact.js:2323:10)\n    at file:///app/node_modules/@vitest/runner/dist/chunk-artifact.js:2305:20\n    at new Promise (<anonymous>)\n    at runWithTimeout (file:///app/node_modules/@vitest/runner/dist/chunk-artifact.js:2272:10)\n    at file:///app/node_modules/@vitest/runner/dist/chunk-artifact.js:2955:64"],"meta":{},"tags":[]},{"ancestorTitles":["§6  cross-kernel dispatch"],"fullName":"§6  cross-kernel dispatch DEDUP_BATCH_CLOSED action includes all 6 DB event counters","status":"failed","title":"DEDUP_BATCH_CLOSED action includes all 6 DB event counters","duration":0.151915999999801,"failureMessages":["TypeError: sim.runtime.getKernel is not a function\n    at /app/tests/phase-7/kernels/dedup-cadence.test.js:680:23\n    at file:///app/node_modules/@vitest/runner/dist/chunk-artifact.js:302:11\n    at file:///app/node_modules/@vitest/runner/dist/chunk-artifact.js:1903:26\n    at file:///app/node_modules/@vitest/runner/dist/chunk-artifact.js:2326:20\n    at new Promise (<anonymous>)\n    at runWithCancel (file:///app/node_modules/@vitest/runner/dist/chunk-artifact.js:2323:10)\n    at file:///app/node_modules/@vitest/runner/dist/chunk-artifact.js:2305:20\n    at new Promise (<anonymous>)\n    at runWithTimeout (file:///app/node_modules/@vitest/runner/dist/chunk-artifact.js:2272:10)\n    at file:///app/node_modules/@vitest/runner/dist/chunk-artifact.js:2955:64"],"meta":{},"tags":[]},{"ancestorTitles":["§6  cross-kernel dispatch"],"fullName":"§6  cross-kernel dispatch dedup FSM reports to capability kernel via dispatchGlobal","status":"failed","title":"dedup FSM reports to capability kernel via dispatchGlobal","duration":0.17833400000017718,"failureMessages":["TypeError: sim.runtime.getKernel is not a function\n    at /app/tests/phase-7/kernels/dedup-cadence.test.js:727:23\n    at file:///app/node_modules/@vitest/runner/dist/chunk-artifact.js:302:11\n    at file:///app/node_modules/@vitest/runner/dist/chunk-artifact.js:1903:26\n    at file:///app/node_modules/@vitest/runner/dist/chunk-artifact.js:2326:20\n    at new Promise (<anonymous>)\n    at runWithCancel (file:///app/node_modules/@vitest/runner/dist/chunk-artifact.js:2323:10)\n    at file:///app/node_modules/@vitest/runner/dist/chunk-artifact.js:2305:20\n    at new Promise (<anonymous>)\n    at runWithTimeout (file:///app/node_modules/@vitest/runner/dist/chunk-artifact.js:2272:10)\n    at file:///app/node_modules/@vitest/runner/dist/chunk-artifact.js:2955:64"],"meta":{},"tags":[]},{"ancestorTitles":["§7  failure mode survival"],"fullName":"§7  failure mode survival replay rate >50% emits LOG_DEGRADED and increments degradationCount","status":"failed","title":"replay rate >50% emits LOG_DEGRADED and increments degradationCount","duration":0.1709169999999176,"failureMessages":["TypeError: sim.runtime.getKernel is not a function\n    at /app/tests/phase-7/kernels/dedup-cadence.test.js:773:23\n    at file:///app/node_modules/@vitest/runner/dist/chunk-artifact.js:302:11\n    at file:///app/node_modules/@vitest/runner/dist/chunk-artifact.js:1903:26\n    at file:///app/node_modules/@vitest/runner/dist/chunk-artifact.js:2326:20\n    at new Promise (<anonymous>)\n    at runWithCancel (file:///app/node_modules/@vitest/runner/dist/chunk-artifact.js:2323:10)\n    at file:///app/node_modules/@vitest/runner/dist/chunk-artifact.js:2305:20\n    at new Promise (<anonymous>)\n    at runWithTimeout (file:///app/node_modules/@vitest/runner/dist/chunk-artifact.js:2272:10)\n    at file:///app/node_modules/@vitest/runner/dist/chunk-artifact.js:2955:64"],"meta":{},"tags":[]},{"ancestorTitles":["§7  failure mode survival"],"fullName":"§7  failure mode survival orphan rate >30% emits LOG_DEGRADED","status":"failed","title":"orphan rate >30% emits LOG_DEGRADED","duration":0.11945800000012241,"failureMessages":["TypeError: sim.runtime.getKernel is not a function\n    at /app/tests/phase-7/kernels/dedup-cadence.test.js:817:23\n    at file:///app/node_modules/@vitest/runner/dist/chunk-artifact.js:302:11\n    at file:///app/node_modules/@vitest/runner/dist/chunk-artifact.js:1903:26\n    at file:///app/node_modules/@vitest/runner/dist/chunk-artifact.js:2326:20\n    at new Promise (<anonymous>)\n    at runWithCancel (file:///app/node_modules/@vitest/runner/dist/chunk-artifact.js:2323:10)\n    at file:///app/node_modules/@vitest/runner/dist/chunk-artifact.js:2305:20\n    at new Promise (<anonymous>)\n    at runWithTimeout (file:///app/node_modules/@vitest/runner/dist/chunk-artifact.js:2272:10)\n    at file:///app/node_modules/@vitest/runner/dist/chunk-artifact.js:2955:64"],"meta":{},"tags":[]},{"ancestorTitles":["§7  failure mode survival"],"fullName":"§7  failure mode survival replay rate exactly at 50% threshold does NOT trigger degradation","status":"failed","title":"replay rate exactly at 50% threshold does NOT trigger degradation","duration":0.11020899999994072,"failureMessages":["TypeError: sim.runtime.getKernel is not a function\n    at /app/tests/phase-7/kernels/dedup-cadence.test.js:849:23\n    at file:///app/node_modules/@vitest/runner/dist/chunk-artifact.js:302:11\n    at file:///app/node_modules/@vitest/runner/dist/chunk-artifact.js:1903:26\n    at file:///app/node_modules/@vitest/runner/dist/chunk-artifact.js:2326:20\n    at new Promise (<anonymous>)\n    at runWithCancel (file:///app/node_modules/@vitest/runner/dist/chunk-artifact.js:2323:10)\n    at file:///app/node_modules/@vitest/runner/dist/chunk-artifact.js:2305:20\n    at new Promise (<anonymous>)\n    at runWithTimeout (file:///app/node_modules/@vitest/runner/dist/chunk-artifact.js:2272:10)\n    at file:///app/node_modules/@vitest/runner/dist/chunk-artifact.js:2955:64"],"meta":{},"tags":[]},{"ancestorTitles":["§7  failure mode survival"],"fullName":"§7  failure mode survival orphan rate exactly at 30% threshold does NOT trigger degradation","status":"failed","title":"orphan rate exactly at 30% threshold does NOT trigger degradation","duration":0.10933399999976245,"failureMessages":["TypeError: sim.runtime.getKernel is not a function\n    at /app/tests/phase-7/kernels/dedup-cadence.test.js:879:23\n    at file:///app/node_modules/@vitest/runner/dist/chunk-artifact.js:302:11\n    at file:///app/node_modules/@vitest/runner/dist/chunk-artifact.js:1903:26\n    at file:///app/node_modules/@vitest/runner/dist/chunk-artifact.js:2326:20\n    at new Promise (<anonymous>)\n    at runWithCancel (file:///app/node_modules/@vitest/runner/dist/chunk-artifact.js:2323:10)\n    at file:///app/node_modules/@vitest/runner/dist/chunk-artifact.js:2305:20\n    at new Promise (<anonymous>)\n    at runWithTimeout (file:///app/node_modules/@vitest/runner/dist/chunk-artifact.js:2272:10)\n    at file:///app/node_modules/@vitest/runner/dist/chunk-artifact.js:2955:64"],"meta":{},"tags":[]},{"ancestorTitles":["§7  failure mode survival"],"fullName":"§7  failure mode survival concurrent DEDUP_BATCH_BEGIN requests: first wins, second rejected","status":"failed","title":"concurrent DEDUP_BATCH_BEGIN requests: first wins, second rejected","duration":0.13437500000009095,"failureMessages":["TypeError: sim.runtime.getKernel is not a function\n    at /app/tests/phase-7/kernels/dedup-cadence.test.js:909:37\n    at file:///app/node_modules/@vitest/runner/dist/chunk-artifact.js:302:11\n    at file:///app/node_modules/@vitest/runner/dist/chunk-artifact.js:1903:26\n    at file:///app/node_modules/@vitest/runner/dist/chunk-artifact.js:2326:20\n    at new Promise (<anonymous>)\n    at runWithCancel (file:///app/node_modules/@vitest/runner/dist/chunk-artifact.js:2323:10)\n    at file:///app/node_modules/@vitest/runner/dist/chunk-artifact.js:2305:20\n    at new Promise (<anonymous>)\n    at runWithTimeout (file:///app/node_modules/@vitest/runner/dist/chunk-artifact.js:2272:10)\n    at file:///app/node_modules/@vitest/runner/dist/chunk-artifact.js:2955:64"],"meta":{},"tags":[]},{"ancestorTitles":["§7  failure mode survival"],"fullName":"§7  failure mode survival DEDUP_RETRY_EXHAUSTED transitions ACTIVE→IDLE and logs degraded","status":"failed","title":"DEDUP_RETRY_EXHAUSTED transitions ACTIVE→IDLE and logs degraded","duration":0.12374999999974534,"failureMessages":["TypeError: sim.runtime.getKernel is not a function\n    at /app/tests/phase-7/kernels/dedup-cadence.test.js:933:23\n    at file:///app/node_modules/@vitest/runner/dist/chunk-artifact.js:302:11\n    at file:///app/node_modules/@vitest/runner/dist/chunk-artifact.js:1903:26\n    at file:///app/node_modules/@vitest/runner/dist/chunk-artifact.js:2326:20\n    at new Promise (<anonymous>)\n    at runWithCancel (file:///app/node_modules/@vitest/runner/dist/chunk-artifact.js:2323:10)\n    at file:///app/node_modules/@vitest/runner/dist/chunk-artifact.js:2305:20\n    at new Promise (<anonymous>)\n    at runWithTimeout (file:///app/node_modules/@vitest/runner/dist/chunk-artifact.js:2272:10)\n    at file:///app/node_modules/@vitest/runner/dist/chunk-artifact.js:2955:64"],"meta":{},"tags":[]},{"ancestorTitles":["§7  failure mode survival"],"fullName":"§7  failure mode survival DEDUP_RETRY_IN_PROGRESS keeps FSM in current state (no transition)","status":"failed","title":"DEDUP_RETRY_IN_PROGRESS keeps FSM in current state (no transition)","duration":0.10725000000002183,"failureMessages":["TypeError: sim.runtime.getKernel is not a function\n    at /app/tests/phase-7/kernels/dedup-cadence.test.js:965:23\n    at file:///app/node_modules/@vitest/runner/dist/chunk-artifact.js:302:11\n    at file:///app/node_modules/@vitest/runner/dist/chunk-artifact.js:1903:26\n    at file:///app/node_modules/@vitest/runner/dist/chunk-artifact.js:2326:20\n    at new Promise (<anonymous>)\n    at runWithCancel (file:///app/node_modules/@vitest/runner/dist/chunk-artifact.js:2323:10)\n    at file:///app/node_modules/@vitest/runner/dist/chunk-artifact.js:2305:20\n    at new Promise (<anonymous>)\n    at runWithTimeout (file:///app/node_modules/@vitest/runner/dist/chunk-artifact.js:2272:10)\n    at file:///app/node_modules/@vitest/runner/dist/chunk-artifact.js:2955:64"],"meta":{},"tags":[]},{"ancestorTitles":["§7  failure mode survival"],"fullName":"§7  failure mode survival FSM exports correct health after degraded batch","status":"failed","title":"FSM exports correct health after degraded batch","duration":0.11958400000003166,"failureMessages":["TypeError: sim.runtime.getKernel is not a function\n    at /app/tests/phase-7/kernels/dedup-cadence.test.js:988:23\n    at file:///app/node_modules/@vitest/runner/dist/chunk-artifact.js:302:11\n    at file:///app/node_modules/@vitest/runner/dist/chunk-artifact.js:1903:26\n    at file:///app/node_modules/@vitest/runner/dist/chunk-artifact.js:2326:20\n    at new Promise (<anonymous>)\n    at runWithCancel (file:///app/node_modules/@vitest/runner/dist/chunk-artifact.js:2323:10)\n    at file:///app/node_modules/@vitest/runner/dist/chunk-artifact.js:2305:20\n    at new Promise (<anonymous>)\n    at runWithTimeout (file:///app/node_modules/@vitest/runner/dist/chunk-artifact.js:2272:10)\n    at file:///app/node_modules/@vitest/runner/dist/chunk-artifact.js:2955:64"],"meta":{},"tags":[]},{"ancestorTitles":["§7  failure mode survival"],"fullName":"§7  failure mode survival batch staleness is tracked when stuck in ACTIVE","status":"failed","title":"batch staleness is tracked when stuck in ACTIVE","duration":0.14899999999988722,"failureMessages":["TypeError: sim.runtime.getKernel is not a function\n    at /app/tests/phase-7/kernels/dedup-cadence.test.js:1019:23\n    at file:///app/node_modules/@vitest/runner/dist/chunk-artifact.js:302:11\n    at file:///app/node_modules/@vitest/runner/dist/chunk-artifact.js:1903:26\n    at file:///app/node_modules/@vitest/runner/dist/chunk-artifact.js:2326:20\n    at new Promise (<anonymous>)\n    at runWithCancel (file:///app/node_modules/@vitest/runner/dist/chunk-artifact.js:2323:10)\n    at file:///app/node_modules/@vitest/runner/dist/chunk-artifact.js:2305:20\n    at new Promise (<anonymous>)\n    at runWithTimeout (file:///app/node_modules/@vitest/runner/dist/chunk-artifact.js:2272:10)\n    at file:///app/node_modules/@vitest/runner/dist/chunk-artifact.js:2955:64"],"meta":{},"tags":[]}],"startTime":1781346988132,"endTime":1781346988471.149,"status":"failed","message":"","name":"/app/tests/phase-7/kernels/dedup-cadence.test.js"},{"assertionResults":[{"ancestorTitles":["Dedup Kernel — Phase 7 runtime validation battery"],"fullName":"Dedup Kernel — Phase 7 runtime validation battery passes the 7-category battery","status":"passed","title":"passes the 7-category battery","duration":1834.656626,"failureMessages":[],"meta":{},"tags":[]}],"startTime":1781347009475,"endTime":1781347011309.6567,"status":"passed","message":"","name":"/app/tests/phase-7/kernels/dedup.test.js"},{"assertionResults":[{"ancestorTitles":["Governance Plane — Layer 2 (envelope contract)","observations envelope constructors"],"fullName":"Governance Plane — Layer 2 (envelope contract) observations envelope constructors newEnvelope() returns a fresh envelope with all inner slots null","status":"passed","title":"newEnvelope() returns a fresh envelope with all inner slots null","duration":1.3809170000000108,"failureMessages":[],"meta":{},"tags":[]},{"ancestorTitles":["Governance Plane — Layer 2 (envelope contract)","observations envelope constructors"],"fullName":"Governance Plane — Layer 2 (envelope contract) observations envelope constructors emptyEnvelope() returns an envelope with all inner slots null (observedAt is set by the factory)","status":"passed","title":"emptyEnvelope() returns an envelope with all inner slots null (observedAt is set by the factory)","duration":0.2166249999999934,"failureMessages":[],"meta":{},"tags":[]},{"ancestorTitles":["Governance Plane — Layer 2 (envelope contract)","observations envelope constructors"],"fullName":"Governance Plane — Layer 2 (envelope contract) observations envelope constructors normalize() maps PAT not decryptable → UNAUTHORIZED","status":"passed","title":"normalize() maps PAT not decryptable → UNAUTHORIZED","duration":0.14229199999999764,"failureMessages":[],"meta":{},"tags":[]},{"ancestorTitles":["Governance Plane — Layer 2 (envelope contract)","observations envelope constructors"],"fullName":"Governance Plane — Layer 2 (envelope contract) observations envelope constructors normalize() maps UAT not decryptable → UNAUTHORIZED","status":"passed","title":"normalize() maps UAT not decryptable → UNAUTHORIZED","duration":0.1529999999999916,"failureMessages":[],"meta":{},"tags":[]},{"ancestorTitles":["Governance Plane — Layer 2 (envelope contract)","observations envelope constructors"],"fullName":"Governance Plane — Layer 2 (envelope contract) observations envelope constructors normalize() maps detection.isValid=false → UNAUTHORIZED","status":"passed","title":"normalize() maps detection.isValid=false → UNAUTHORIZED","duration":0.10479100000000585,"failureMessages":[],"meta":{},"tags":[]},{"ancestorTitles":["Governance Plane — Layer 2 (envelope contract)","observations envelope constructors"],"fullName":"Governance Plane — Layer 2 (envelope contract) observations envelope constructors normalize() maps missing scopes → LIMITED (when all 4 slots populated)","status":"passed","title":"normalize() maps missing scopes → LIMITED (when all 4 slots populated)","duration":0.12533400000000938,"failureMessages":[],"meta":{},"tags":[]},{"ancestorTitles":["Governance Plane — Layer 2 (envelope contract)","observations envelope constructors"],"fullName":"Governance Plane — Layer 2 (envelope contract) observations envelope constructors normalize() maps reliabilityImpaired → DEGRADED (when all 4 slots populated)","status":"passed","title":"normalize() maps reliabilityImpaired → DEGRADED (when all 4 slots populated)","duration":0.14858300000000213,"failureMessages":[],"meta":{},"tags":[]},{"ancestorTitles":["Governance Plane — Layer 2 (envelope contract)","observations envelope constructors"],"fullName":"Governance Plane — Layer 2 (envelope contract) observations envelope constructors normalize() maps all-green envelope → AUTHORIZED","status":"passed","title":"normalize() maps all-green envelope → AUTHORIZED","duration":0.07058299999999917,"failureMessages":[],"meta":{},"tags":[]},{"ancestorTitles":["Governance Plane — Layer 2 (envelope contract)","observations envelope constructors"],"fullName":"Governance Plane — Layer 2 (envelope contract) observations envelope constructors normalize() maps partial envelope (some slots null) → PENDING, not UNKNOWN","status":"passed","title":"normalize() maps partial envelope (some slots null) → PENDING, not UNKNOWN","duration":0.5000829999999894,"failureMessages":[],"meta":{},"tags":[]},{"ancestorTitles":["Governance Plane — Layer 2 (envelope contract)","observations envelope constructors"],"fullName":"Governance Plane — Layer 2 (envelope contract) observations envelope constructors normalize() maps all-4-null envelope → UNKNOWN","status":"passed","title":"normalize() maps all-4-null envelope → UNKNOWN","duration":0.0917919999999981,"failureMessages":[],"meta":{},"tags":[]},{"ancestorTitles":["Governance Plane — Layer 3 (FSM observation transition)"],"fullName":"Governance Plane — Layer 3 (FSM observation transition) CAPABILITY_OBSERVATION guard requires event.envelope","status":"passed","title":"CAPABILITY_OBSERVATION guard requires event.envelope","duration":0.9142089999999996,"failureMessages":[],"meta":{},"tags":[]},{"ancestorTitles":["Governance Plane — Layer 3 (FSM observation transition)"],"fullName":"Governance Plane — Layer 3 (FSM observation transition) CAPABILITY_OBSERVATION with valid envelope fires aggregator","status":"passed","title":"CAPABILITY_OBSERVATION with valid envelope fires aggregator","duration":1.141208000000006,"failureMessages":[],"meta":{},"tags":[]},{"ancestorTitles":["Governance Plane — Layer 3 (FSM observation transition)"],"fullName":"Governance Plane — Layer 3 (FSM observation transition) CAPABILITY_OBSERVATION with isDecryptable=false → FSM goes UNAUTHORIZED","status":"passed","title":"CAPABILITY_OBSERVATION with isDecryptable=false → FSM goes UNAUTHORIZED","duration":0.4509999999999934,"failureMessages":[],"meta":{},"tags":[]},{"ancestorTitles":["Governance Plane — Layer 3 (FSM observation transition)"],"fullName":"Governance Plane — Layer 3 (FSM observation transition) CAPABILITY_OBSERVATION with missing scopes → FSM goes LIMITED (only when all 4 slots present)","status":"passed","title":"CAPABILITY_OBSERVATION with missing scopes → FSM goes LIMITED (only when all 4 slots present)","duration":0.813208000000003,"failureMessages":[],"meta":{},"tags":[]},{"ancestorTitles":["Governance Plane — Layer 3 (FSM observation transition)"],"fullName":"Governance Plane — Layer 3 (FSM observation transition) evaluateTriggerCriteria recognises OBSERVATION_ARRIVED","status":"passed","title":"evaluateTriggerCriteria recognises OBSERVATION_ARRIVED","duration":0.14629200000001674,"failureMessages":[],"meta":{},"tags":[]},{"ancestorTitles":["Governance Plane — Layer 3 (FSM observation transition)"],"fullName":"Governance Plane — Layer 3 (FSM observation transition) emitEnvelope routes through fsm.dispatch(CAPABILITY_OBSERVATION)","status":"passed","title":"emitEnvelope routes through fsm.dispatch(CAPABILITY_OBSERVATION)","duration":0.7007499999999993,"failureMessages":[],"meta":{},"tags":[]},{"ancestorTitles":["Governance Plane — Layer 3 (FSM observation transition)"],"fullName":"Governance Plane — Layer 3 (FSM observation transition) emitEnvelope without bound FSM is warn-once dropped (does not throw)","status":"passed","title":"emitEnvelope without bound FSM is warn-once dropped (does not throw)","duration":0.5522089999999764,"failureMessages":[],"meta":{},"tags":[]},{"ancestorTitles":["Governance Plane — Layer 4 (health substrate integration)"],"fullName":"Governance Plane — Layer 4 (health substrate integration) gck.install({ck}) registers the health membrane with the FSM (substrate is not started yet)","status":"passed","title":"gck.install({ck}) registers the health membrane with the FSM (substrate is not started yet)","duration":0.640625,"failureMessages":[],"meta":{},"tags":[]},{"ancestorTitles":["Governance Plane — Layer 4 (health substrate integration)"],"fullName":"Governance Plane — Layer 4 (health substrate integration) gck.uninstall() tears down the constitutional binding","status":"passed","title":"gck.uninstall() tears down the constitutional binding","duration":0.19470900000001734,"failureMessages":[],"meta":{},"tags":[]},{"ancestorTitles":["Governance Plane — Layer 4 (health substrate integration)"],"fullName":"Governance Plane — Layer 4 (health substrate integration) standalone gck.install without CAPABILITY_BOOTSTRAP leaves the membrane unwired","status":"passed","title":"standalone gck.install without CAPABILITY_BOOTSTRAP leaves the membrane unwired","duration":0.29349999999999454,"failureMessages":[],"meta":{},"tags":[]},{"ancestorTitles":["Governance Plane — Layer 4 (health substrate integration)"],"fullName":"Governance Plane — Layer 4 (health substrate integration) idempotent gck.install returns existing state on re-call","status":"passed","title":"idempotent gck.install returns existing state on re-call","duration":0.1565000000000225,"failureMessages":[],"meta":{},"tags":[]},{"ancestorTitles":["Governance Plane — Layer 4 (health substrate integration)"],"fullName":"Governance Plane — Layer 4 (health substrate integration) CAPABILITY_BOOTSTRAP wired by gck.install causes the FSM to call substrate.start(ck) (FSM orchestrates the membrane)","status":"passed","title":"CAPABILITY_BOOTSTRAP wired by gck.install causes the FSM to call substrate.start(ck) (FSM orchestrates the membrane)","duration":0.8057499999999891,"failureMessages":[],"meta":{},"tags":[]}],"startTime":1781347032477,"endTime":1781347032487.8057,"status":"passed","message":"","name":"/app/tests/phase-7/kernels/governance-plane.test.js"},{"assertionResults":[{"ancestorTitles":["Governed Read — graph-capability FSM transitions"],"fullName":"Governed Read — graph-capability FSM transitions SCENARIO 1 — CAPABILITY_DATA_REQUEST routes DB_READ_REQUESTED and tracks the read (resolvable on completion)","status":"passed","title":"SCENARIO 1 — CAPABILITY_DATA_REQUEST routes DB_READ_REQUESTED and tracks the read (resolvable on completion)","duration":4.517124999999993,"failureMessages":[],"meta":{},"tags":[]},{"ancestorTitles":["Governed Read — graph-capability FSM transitions"],"fullName":"Governed Read — graph-capability FSM transitions SCENARIO 2 — CAPABILITY_DATA_REQUEST guard rejects when fields are missing","status":"passed","title":"SCENARIO 2 — CAPABILITY_DATA_REQUEST guard rejects when fields are missing","duration":0.2912910000000011,"failureMessages":[],"meta":{},"tags":[]},{"ancestorTitles":["Governed Read — graph-capability FSM transitions"],"fullName":"Governed Read — graph-capability FSM transitions SCENARIO 3 — CAPABILITY_DATA_REQUEST succeeds when a fresh cred record is lazy-created","status":"passed","title":"SCENARIO 3 — CAPABILITY_DATA_REQUEST succeeds when a fresh cred record is lazy-created","duration":0.697624999999988,"failureMessages":[],"meta":{},"tags":[]},{"ancestorTitles":["Governed Read — graph-capability FSM transitions"],"fullName":"Governed Read — graph-capability FSM transitions SCENARIO 4 — READ_RESULT_AVAILABLE resolves pending read and emits DATA_AVAILABLE","status":"passed","title":"SCENARIO 4 — READ_RESULT_AVAILABLE resolves pending read and emits DATA_AVAILABLE","duration":0.8754169999999988,"failureMessages":[],"meta":{},"tags":[]},{"ancestorTitles":["Governed Read — graph-capability FSM transitions"],"fullName":"Governed Read — graph-capability FSM transitions SCENARIO 5 — READ_RESULT_AVAILABLE with error resolves with success=false","status":"passed","title":"SCENARIO 5 — READ_RESULT_AVAILABLE with error resolves with success=false","duration":0.6443329999999889,"failureMessages":[],"meta":{},"tags":[]},{"ancestorTitles":["Governed Read — graph-capability FSM transitions"],"fullName":"Governed Read — graph-capability FSM transitions SCENARIO 6 — READ_RESULT_AVAILABLE guard rejects when no pending read exists","status":"passed","title":"SCENARIO 6 — READ_RESULT_AVAILABLE guard rejects when no pending read exists","duration":0.18454199999999332,"failureMessages":[],"meta":{},"tags":[]},{"ancestorTitles":["Governed Read — graph-capability FSM transitions"],"fullName":"Governed Read — graph-capability FSM transitions SCENARIO 7 — CAPABILITY_DATA_TIMEOUT rejects the pending read and cleans up","status":"passed","title":"SCENARIO 7 — CAPABILITY_DATA_TIMEOUT rejects the pending read and cleans up","duration":1.715332999999987,"failureMessages":[],"meta":{},"tags":[]},{"ancestorTitles":["Governed Read — graph-capability FSM transitions"],"fullName":"Governed Read — graph-capability FSM transitions SCENARIO 15 — concurrent reads on different creds resolve independently","status":"passed","title":"SCENARIO 15 — concurrent reads on different creds resolve independently","duration":0.9307080000000099,"failureMessages":[],"meta":{},"tags":[]}],"startTime":1781347032240,"endTime":1781347032249.9307,"status":"passed","message":"","name":"/app/tests/phase-7/kernels/governed-read.test.js"},{"assertionResults":[],"startTime":1781346985774,"endTime":1781346985774,"status":"failed","message":"Vitest cannot be imported in a CommonJS module using require(). Please use \"import\" instead.\n\nIf you are using \"import\" in your source code, then it's possible it was bundled into require() automatically by your bundler. In that case, do not bundle CommonJS output since it will never work with Vitest, or use dynamic import() which is available in all CommonJS modules.","name":"/app/tests/phase-7/kernels/graph-capability-cadence.test.js"},{"assertionResults":[{"ancestorTitles":["V1 — End-to-end smoke: gck.install wires FSM, CAPABILITY_BOOTSTRAP wires membrane"],"fullName":"V1 — End-to-end smoke: gck.install wires FSM, CAPABILITY_BOOTSTRAP wires membrane gck.install({ck}) registers the FSM as the constitutional ingress, signal-dispatch binds to the FSM","status":"passed","title":"gck.install({ck}) registers the FSM as the constitutional ingress, signal-dispatch binds to the FSM","duration":3.1240420000000313,"failureMessages":[],"meta":{},"tags":[]},{"ancestorTitles":["V1 — End-to-end smoke: gck.install wires FSM, CAPABILITY_BOOTSTRAP wires membrane"],"fullName":"V1 — End-to-end smoke: gck.install wires FSM, CAPABILITY_BOOTSTRAP wires membrane CAPABILITY_BOOTSTRAP causes the FSM to call substrate.start(ck) and the membrane becomes a first-class citizen","status":"passed","title":"CAPABILITY_BOOTSTRAP causes the FSM to call substrate.start(ck) and the membrane becomes a first-class citizen","duration":3.6296669999999267,"failureMessages":[],"meta":{},"tags":[]},{"ancestorTitles":["V1 — End-to-end smoke: gck.install wires FSM, CAPABILITY_BOOTSTRAP wires membrane"],"fullName":"V1 — End-to-end smoke: gck.install wires FSM, CAPABILITY_BOOTSTRAP wires membrane health-substrate.runTokenHealthCheck runs to completion safely when supabase is unavailable","status":"passed","title":"health-substrate.runTokenHealthCheck runs to completion safely when supabase is unavailable","duration":1.3506250000000364,"failureMessages":[],"meta":{},"tags":[]},{"ancestorTitles":["V2 — Governed read chain: substrate → fsm.dispatch(CAPABILITY_DATA_REQUEST) → worker"],"fullName":"V2 — Governed read chain: substrate → fsm.dispatch(CAPABILITY_DATA_REQUEST) → worker cache miss routes through the FSM (not the CK) and the FSM forwards to persist-telemetry","status":"passed","title":"cache miss routes through the FSM (not the CK) and the FSM forwards to persist-telemetry","duration":15041.679715,"failureMessages":[],"meta":{},"tags":[]},{"ancestorTitles":["V3 — Governed write chain: fsm.requestDBWrite → ctx.dispatchGlobal → writer"],"fullName":"V3 — Governed write chain: fsm.requestDBWrite → ctx.dispatchGlobal → writer fsm.requestDBWrite for system_alerts dispatches DB_WRITE_REQUESTED through ctx","status":"failed","title":"fsm.requestDBWrite for system_alerts dispatches DB_WRITE_REQUESTED through ctx","duration":30007.398472,"failureMessages":["Error: STACK_TRACE_ERROR\n    at task (file:///app/node_modules/@vitest/runner/dist/chunk-artifact.js:1784:27)\n    at Object.<anonymous> (file:///app/node_modules/@vitest/runner/dist/chunk-artifact.js:1817:16)\n    at Object.<anonymous> (file:///app/node_modules/@vitest/runner/dist/chunk-artifact.js:1563:28)\n    at chain (file:///app/node_modules/@vitest/runner/dist/chunk-artifact.js:599:14)\n    at /app/tests/phase-7/kernels/graph-capability-flow.test.js:326:5\n    at file:///app/node_modules/@vitest/runner/dist/chunk-artifact.js:1889:40\n    at runWithSuite (file:///app/node_modules/@vitest/runner/dist/chunk-artifact.js:2258:8)\n    at Object.collect (file:///app/node_modules/@vitest/runner/dist/chunk-artifact.js:1889:10)\n    at Object.collect (file:///app/node_modules/@vitest/runner/dist/chunk-artifact.js:1893:54)\n    at processTicksAndRejections (node:internal/process/task_queues:103:5)"],"meta":{},"tags":[]},{"ancestorTitles":["V3 — Governed write chain: fsm.requestDBWrite → ctx.dispatchGlobal → writer"],"fullName":"V3 — Governed write chain: fsm.requestDBWrite → ctx.dispatchGlobal → writer persist-telemetry FSM rejects writes for tables not in VALID_TABLES","status":"passed","title":"persist-telemetry FSM rejects writes for tables not in VALID_TABLES","duration":1.4781670000011218,"failureMessages":[],"meta":{},"tags":[]},{"ancestorTitles":["V4 — Constitutional ordering: FSM (policy) → substrate (membrane) → worker (executor)"],"fullName":"V4 — Constitutional ordering: FSM (policy) → substrate (membrane) → worker (executor) the substrate does NOT decide policy: it has no setInterval / setTimeout for RUN_TOKEN_HEALTH_CHECK","status":"passed","title":"the substrate does NOT decide policy: it has no setInterval / setTimeout for RUN_TOKEN_HEALTH_CHECK","duration":1.9291250000023865,"failureMessages":[],"meta":{},"tags":[]},{"ancestorTitles":["V4 — Constitutional ordering: FSM (policy) → substrate (membrane) → worker (executor)"],"fullName":"V4 — Constitutional ordering: FSM (policy) → substrate (membrane) → worker (executor) the membrane runs the worker only when the action arrives (FSM is the policy authority)","status":"passed","title":"the membrane runs the worker only when the action arrives (FSM is the policy authority)","duration":3.0801659999997355,"failureMessages":[],"meta":{},"tags":[]},{"ancestorTitles":["V5 — Cadence gate: fsm._shouldCheck"],"fullName":"V5 — Cadence gate: fsm._shouldCheck returns true for a cred that has never been checked","status":"passed","title":"returns true for a cred that has never been checked","duration":0.8121670000036829,"failureMessages":[],"meta":{},"tags":[]},{"ancestorTitles":["V5 — Cadence gate: fsm._shouldCheck"],"fullName":"V5 — Cadence gate: fsm._shouldCheck returns false for a cred within the cadence window after a completion stamp","status":"passed","title":"returns false for a cred within the cadence window after a completion stamp","duration":1.477666999999201,"failureMessages":[],"meta":{},"tags":[]},{"ancestorTitles":["V5 — Cadence gate: fsm._shouldCheck"],"fullName":"V5 — Cadence gate: fsm._shouldCheck rejects CAPABILITY_HEALTH_CHECK_COMPLETED with unknown checkType","status":"passed","title":"rejects CAPABILITY_HEALTH_CHECK_COMPLETED with unknown checkType","duration":0.5005830000009155,"failureMessages":[],"meta":{},"tags":[]},{"ancestorTitles":["V6 — Per-cred cadence stamping"],"fullName":"V6 — Per-cred cadence stamping CAPABILITY_HEALTH_CHECK_COMPLETED stamps lastTokenHealthCheckAt on the cred","status":"passed","title":"CAPABILITY_HEALTH_CHECK_COMPLETED stamps lastTokenHealthCheckAt on the cred","duration":0.7127499999987776,"failureMessages":[],"meta":{},"tags":[]},{"ancestorTitles":["V6 — Per-cred cadence stamping"],"fullName":"V6 — Per-cred cadence stamping per-cred isolation: stamping BA_A does not affect BA_B","status":"passed","title":"per-cred isolation: stamping BA_A does not affect BA_B","duration":1.3257079999966663,"failureMessages":[],"meta":{},"tags":[]},{"ancestorTitles":["V6 — Per-cred cadence stamping"],"fullName":"V6 — Per-cred cadence stamping regression: T1 — no global sentinel cadence stamp from a null businessAccountId completion","status":"passed","title":"regression: T1 — no global sentinel cadence stamp from a null businessAccountId completion","duration":0.2557920000035665,"failureMessages":[],"meta":{},"tags":[]},{"ancestorTitles":["V7 — Constitutional Kernel bootstrap wires the membrane via the FSM"],"fullName":"V7 — Constitutional Kernel bootstrap wires the membrane via the FSM constitutionalKernel is the sole ingress for governance events","status":"passed","title":"constitutionalKernel is the sole ingress for governance events","duration":0.23154199999407865,"failureMessages":[],"meta":{},"tags":[]},{"ancestorTitles":["V7 — Constitutional Kernel bootstrap wires the membrane via the FSM"],"fullName":"V7 — Constitutional Kernel bootstrap wires the membrane via the FSM the FSM, not the CK, owns the membrane registration","status":"passed","title":"the FSM, not the CK, owns the membrane registration","duration":0.16062499999679858,"failureMessages":[],"meta":{},"tags":[]},{"ancestorTitles":["V7 — Constitutional Kernel bootstrap wires the membrane via the FSM"],"fullName":"V7 — Constitutional Kernel bootstrap wires the membrane via the FSM substrate emissions route through the FSM (signal-dispatch bound to FSM, not CK)","status":"passed","title":"substrate emissions route through the FSM (signal-dispatch bound to FSM, not CK)","duration":1.1684170000007725,"failureMessages":[],"meta":{},"tags":[]}],"startTime":1781346987538,"endTime":1781347032623.1685,"status":"failed","message":"","name":"/app/tests/phase-7/kernels/graph-capability-flow.test.js"},{"assertionResults":[],"startTime":1781346985774,"endTime":1781346985774,"status":"failed","message":"Vitest cannot be imported in a CommonJS module using require(). Please use \"import\" instead.\n\nIf you are using \"import\" in your source code, then it's possible it was bundled into require() automatically by your bundler. In that case, do not bundle CommonJS output since it will never work with Vitest, or use dynamic import() which is available in all CommonJS modules.","name":"/app/tests/phase-7/kernels/persistence-cadence.test.js"},{"assertionResults":[{"ancestorTitles":["Persistence Kernel — Phase 7 runtime validation battery"],"fullName":"Persistence Kernel — Phase 7 runtime validation battery passes the 7-category battery","status":"passed","title":"passes the 7-category battery","duration":1846.107668,"failureMessages":[],"meta":{},"tags":[]}],"startTime":1781347009995,"endTime":1781347011841.1077,"status":"passed","message":"","name":"/app/tests/phase-7/kernels/persistence.test.js"},{"assertionResults":[],"startTime":1781346985774,"endTime":1781346985774,"status":"failed","message":"Vitest cannot be imported in a CommonJS module using require(). Please use \"import\" instead.\n\nIf you are using \"import\" in your source code, then it's possible it was bundled into require() automatically by your bundler. In that case, do not bundle CommonJS output since it will never work with Vitest, or use dynamic import() which is available in all CommonJS modules.","name":"/app/tests/phase-7/kernels/publishing-cadence.test.js"},{"assertionResults":[{"ancestorTitles":["Publishing Kernel — Phase 7 runtime validation battery"],"fullName":"Publishing Kernel — Phase 7 runtime validation battery passes the 7-category battery","status":"passed","title":"passes the 7-category battery","duration":1846.9204170000003,"failureMessages":[],"meta":{},"tags":[]},{"ancestorTitles":["Publishing Kernel — Phase 7 runtime validation battery"],"fullName":"Publishing Kernel — Phase 7 runtime validation battery passes cognition-layer cross-cuts (publishing role)","status":"passed","title":"passes cognition-layer cross-cuts (publishing role)","duration":168.16312500000004,"failureMessages":[],"meta":{},"tags":[]}],"startTime":1781346988423,"endTime":1781346990439.163,"status":"passed","message":"","name":"/app/tests/phase-7/kernels/publishing.test.js"},{"assertionResults":[],"startTime":1781346985774,"endTime":1781346985774,"status":"failed","message":"Vitest cannot be imported in a CommonJS module using require(). Please use \"import\" instead.\n\nIf you are using \"import\" in your source code, then it's possible it was bundled into require() automatically by your bundler. In that case, do not bundle CommonJS output since it will never work with Vitest, or use dynamic import() which is available in all CommonJS modules.","name":"/app/tests/phase-7/kernels/reconciliation-cadence.test.js"},{"assertionResults":[{"ancestorTitles":["Reconciliation Kernel — Phase 7 runtime validation battery"],"fullName":"Reconciliation Kernel — Phase 7 runtime validation battery passes the 7-category battery","status":"passed","title":"passes the 7-category battery","duration":1906.2727099999997,"failureMessages":[],"meta":{},"tags":[]}],"startTime":1781347011717,"endTime":1781347013623.2727,"status":"passed","message":"","name":"/app/tests/phase-7/kernels/reconciliation.test.js"},{"assertionResults":[{"ancestorTitles":["§1  tick-driven cadence — circuit breaker lifecycle"],"fullName":"§1  tick-driven cadence — circuit breaker lifecycle RATE_LIMIT_DETECTED transitions IDLE → CIRCUIT_OPEN","status":"failed","title":"RATE_LIMIT_DETECTED transitions IDLE → CIRCUIT_OPEN","duration":12.165500000000065,"failureMessages":["AssertionError: expected undefined to be true // Object.is equality\n    at /app/tests/phase-7/kernels/retry-cadence-cadence.test.js:153:28\n    at file:///app/node_modules/@vitest/runner/dist/chunk-artifact.js:302:11\n    at file:///app/node_modules/@vitest/runner/dist/chunk-artifact.js:1903:26\n    at file:///app/node_modules/@vitest/runner/dist/chunk-artifact.js:2326:20\n    at new Promise (<anonymous>)\n    at runWithCancel (file:///app/node_modules/@vitest/runner/dist/chunk-artifact.js:2323:10)\n    at file:///app/node_modules/@vitest/runner/dist/chunk-artifact.js:2305:20\n    at new Promise (<anonymous>)\n    at runWithTimeout (file:///app/node_modules/@vitest/runner/dist/chunk-artifact.js:2272:10)\n    at file:///app/node_modules/@vitest/runner/dist/chunk-artifact.js:2955:64"],"meta":{},"tags":[]},{"ancestorTitles":["§1  tick-driven cadence — circuit breaker lifecycle"],"fullName":"§1  tick-driven cadence — circuit breaker lifecycle CIRCUIT_COOLDOWN_ELAPSED transitions CIRCUIT_OPEN → CIRCUIT_COOLING","status":"failed","title":"CIRCUIT_COOLDOWN_ELAPSED transitions CIRCUIT_OPEN → CIRCUIT_COOLING","duration":1.5989169999998012,"failureMessages":["AssertionError: expected undefined to be true // Object.is equality\n    at /app/tests/phase-7/kernels/retry-cadence-cadence.test.js:179:28\n    at file:///app/node_modules/@vitest/runner/dist/chunk-artifact.js:302:11\n    at file:///app/node_modules/@vitest/runner/dist/chunk-artifact.js:1903:26\n    at file:///app/node_modules/@vitest/runner/dist/chunk-artifact.js:2326:20\n    at new Promise (<anonymous>)\n    at runWithCancel (file:///app/node_modules/@vitest/runner/dist/chunk-artifact.js:2323:10)\n    at file:///app/node_modules/@vitest/runner/dist/chunk-artifact.js:2305:20\n    at new Promise (<anonymous>)\n    at runWithTimeout (file:///app/node_modules/@vitest/runner/dist/chunk-artifact.js:2272:10)\n    at file:///app/node_modules/@vitest/runner/dist/chunk-artifact.js:2955:64"],"meta":{},"tags":[]},{"ancestorTitles":["§1  tick-driven cadence — circuit breaker lifecycle"],"fullName":"§1  tick-driven cadence — circuit breaker lifecycle CIRCUIT_TEST_SUCCESS transitions CIRCUIT_COOLING → IDLE","status":"failed","title":"CIRCUIT_TEST_SUCCESS transitions CIRCUIT_COOLING → IDLE","duration":2.8789999999999054,"failureMessages":["AssertionError: expected undefined to be true // Object.is equality\n    at /app/tests/phase-7/kernels/retry-cadence-cadence.test.js:193:28\n    at file:///app/node_modules/@vitest/runner/dist/chunk-artifact.js:302:11\n    at file:///app/node_modules/@vitest/runner/dist/chunk-artifact.js:1903:26\n    at file:///app/node_modules/@vitest/runner/dist/chunk-artifact.js:2326:20\n    at new Promise (<anonymous>)\n    at runWithCancel (file:///app/node_modules/@vitest/runner/dist/chunk-artifact.js:2323:10)\n    at file:///app/node_modules/@vitest/runner/dist/chunk-artifact.js:2305:20\n    at new Promise (<anonymous>)\n    at runWithTimeout (file:///app/node_modules/@vitest/runner/dist/chunk-artifact.js:2272:10)\n    at file:///app/node_modules/@vitest/runner/dist/chunk-artifact.js:2955:64"],"meta":{},"tags":[]},{"ancestorTitles":["§1  tick-driven cadence — circuit breaker lifecycle"],"fullName":"§1  tick-driven cadence — circuit breaker lifecycle CIRCUIT_TEST_FAIL re-trips CIRCUIT_COOLING → CIRCUIT_OPEN","status":"failed","title":"CIRCUIT_TEST_FAIL re-trips CIRCUIT_COOLING → CIRCUIT_OPEN","duration":1.4763750000001892,"failureMessages":["AssertionError: expected undefined to be true // Object.is equality\n    at /app/tests/phase-7/kernels/retry-cadence-cadence.test.js:206:28\n    at file:///app/node_modules/@vitest/runner/dist/chunk-artifact.js:302:11\n    at file:///app/node_modules/@vitest/runner/dist/chunk-artifact.js:1903:26\n    at file:///app/node_modules/@vitest/runner/dist/chunk-artifact.js:2326:20\n    at new Promise (<anonymous>)\n    at runWithCancel (file:///app/node_modules/@vitest/runner/dist/chunk-artifact.js:2323:10)\n    at file:///app/node_modules/@vitest/runner/dist/chunk-artifact.js:2305:20\n    at new Promise (<anonymous>)\n    at runWithTimeout (file:///app/node_modules/@vitest/runner/dist/chunk-artifact.js:2272:10)\n    at file:///app/node_modules/@vitest/runner/dist/chunk-artifact.js:2955:64"],"meta":{},"tags":[]},{"ancestorTitles":["§1  tick-driven cadence — circuit breaker lifecycle"],"fullName":"§1  tick-driven cadence — circuit breaker lifecycle full circuit breaker cycle: IDLE → CIRCUIT_OPEN → CIRCUIT_COOLING → IDLE","status":"failed","title":"full circuit breaker cycle: IDLE → CIRCUIT_OPEN → CIRCUIT_COOLING → IDLE","duration":0.9252919999998994,"failureMessages":["AssertionError: expected undefined to be 'IDLE' // Object.is equality\n    at /app/tests/phase-7/kernels/retry-cadence-cadence.test.js:219:21\n    at file:///app/node_modules/@vitest/runner/dist/chunk-artifact.js:302:11\n    at file:///app/node_modules/@vitest/runner/dist/chunk-artifact.js:1903:26\n    at file:///app/node_modules/@vitest/runner/dist/chunk-artifact.js:2326:20\n    at new Promise (<anonymous>)\n    at runWithCancel (file:///app/node_modules/@vitest/runner/dist/chunk-artifact.js:2323:10)\n    at file:///app/node_modules/@vitest/runner/dist/chunk-artifact.js:2305:20\n    at new Promise (<anonymous>)\n    at runWithTimeout (file:///app/node_modules/@vitest/runner/dist/chunk-artifact.js:2272:10)\n    at file:///app/node_modules/@vitest/runner/dist/chunk-artifact.js:2955:64"],"meta":{},"tags":[]},{"ancestorTitles":["§1  tick-driven cadence — circuit breaker lifecycle"],"fullName":"§1  tick-driven cadence — circuit breaker lifecycle CIRCUIT_BREAKER_CLEARED manually transitions CIRCUIT_OPEN → IDLE","status":"failed","title":"CIRCUIT_BREAKER_CLEARED manually transitions CIRCUIT_OPEN → IDLE","duration":0.8400000000001455,"failureMessages":["AssertionError: expected undefined to be true // Object.is equality\n    at /app/tests/phase-7/kernels/retry-cadence-cadence.test.js:237:28\n    at file:///app/node_modules/@vitest/runner/dist/chunk-artifact.js:302:11\n    at file:///app/node_modules/@vitest/runner/dist/chunk-artifact.js:1903:26\n    at file:///app/node_modules/@vitest/runner/dist/chunk-artifact.js:2326:20\n    at new Promise (<anonymous>)\n    at runWithCancel (file:///app/node_modules/@vitest/runner/dist/chunk-artifact.js:2323:10)\n    at file:///app/node_modules/@vitest/runner/dist/chunk-artifact.js:2305:20\n    at new Promise (<anonymous>)\n    at runWithTimeout (file:///app/node_modules/@vitest/runner/dist/chunk-artifact.js:2272:10)\n    at file:///app/node_modules/@vitest/runner/dist/chunk-artifact.js:2955:64"],"meta":{},"tags":[]},{"ancestorTitles":["§1  tick-driven cadence — circuit breaker lifecycle"],"fullName":"§1  tick-driven cadence — circuit breaker lifecycle RATE_LIMIT_CLEARED emits CIRCUIT_COOLDOWN_ELAPSED action from CIRCUIT_OPEN","status":"failed","title":"RATE_LIMIT_CLEARED emits CIRCUIT_COOLDOWN_ELAPSED action from CIRCUIT_OPEN","duration":0.6192499999997381,"failureMessages":["AssertionError: expected undefined to be true // Object.is equality\n    at /app/tests/phase-7/kernels/retry-cadence-cadence.test.js:248:28\n    at file:///app/node_modules/@vitest/runner/dist/chunk-artifact.js:302:11\n    at file:///app/node_modules/@vitest/runner/dist/chunk-artifact.js:1903:26\n    at file:///app/node_modules/@vitest/runner/dist/chunk-artifact.js:2326:20\n    at new Promise (<anonymous>)\n    at runWithCancel (file:///app/node_modules/@vitest/runner/dist/chunk-artifact.js:2323:10)\n    at file:///app/node_modules/@vitest/runner/dist/chunk-artifact.js:2305:20\n    at new Promise (<anonymous>)\n    at runWithTimeout (file:///app/node_modules/@vitest/runner/dist/chunk-artifact.js:2272:10)\n    at file:///app/node_modules/@vitest/runner/dist/chunk-artifact.js:2955:64"],"meta":{},"tags":[]},{"ancestorTitles":["§2  worker cadence order"],"fullName":"§2  worker cadence order domain \"comments\" is accepted by RETRY_REQUESTED without error","status":"failed","title":"domain \"comments\" is accepted by RETRY_REQUESTED without error","duration":5.227499999999964,"failureMessages":["AssertionError: expected false to be true // Object.is equality\n    at /app/tests/phase-7/kernels/retry-cadence-cadence.test.js:284:44\n    at file:///app/node_modules/@vitest/runner/dist/chunk-artifact.js:302:11\n    at file:///app/node_modules/@vitest/runner/dist/chunk-artifact.js:1903:26\n    at file:///app/node_modules/@vitest/runner/dist/chunk-artifact.js:2326:20\n    at new Promise (<anonymous>)\n    at runWithCancel (file:///app/node_modules/@vitest/runner/dist/chunk-artifact.js:2323:10)\n    at file:///app/node_modules/@vitest/runner/dist/chunk-artifact.js:2305:20\n    at new Promise (<anonymous>)\n    at runWithTimeout (file:///app/node_modules/@vitest/runner/dist/chunk-artifact.js:2272:10)\n    at file:///app/node_modules/@vitest/runner/dist/chunk-artifact.js:2955:64"],"meta":{},"tags":[]},{"ancestorTitles":["§2  worker cadence order"],"fullName":"§2  worker cadence order domain \"messages\" is accepted by RETRY_REQUESTED without error","status":"failed","title":"domain \"messages\" is accepted by RETRY_REQUESTED without error","duration":1.2622910000000047,"failureMessages":["AssertionError: expected false to be true // Object.is equality\n    at /app/tests/phase-7/kernels/retry-cadence-cadence.test.js:284:44\n    at file:///app/node_modules/@vitest/runner/dist/chunk-artifact.js:302:11\n    at file:///app/node_modules/@vitest/runner/dist/chunk-artifact.js:1903:26\n    at file:///app/node_modules/@vitest/runner/dist/chunk-artifact.js:2326:20\n    at new Promise (<anonymous>)\n    at runWithCancel (file:///app/node_modules/@vitest/runner/dist/chunk-artifact.js:2323:10)\n    at file:///app/node_modules/@vitest/runner/dist/chunk-artifact.js:2305:20\n    at new Promise (<anonymous>)\n    at runWithTimeout (file:///app/node_modules/@vitest/runner/dist/chunk-artifact.js:2272:10)\n    at file:///app/node_modules/@vitest/runner/dist/chunk-artifact.js:2955:64"],"meta":{},"tags":[]},{"ancestorTitles":["§2  worker cadence order"],"fullName":"§2  worker cadence order domain \"insights\" is accepted by RETRY_REQUESTED without error","status":"failed","title":"domain \"insights\" is accepted by RETRY_REQUESTED without error","duration":3.7485830000000533,"failureMessages":["AssertionError: expected false to be true // Object.is equality\n    at /app/tests/phase-7/kernels/retry-cadence-cadence.test.js:284:44\n    at file:///app/node_modules/@vitest/runner/dist/chunk-artifact.js:302:11\n    at file:///app/node_modules/@vitest/runner/dist/chunk-artifact.js:1903:26\n    at file:///app/node_modules/@vitest/runner/dist/chunk-artifact.js:2326:20\n    at new Promise (<anonymous>)\n    at runWithCancel (file:///app/node_modules/@vitest/runner/dist/chunk-artifact.js:2323:10)\n    at file:///app/node_modules/@vitest/runner/dist/chunk-artifact.js:2305:20\n    at new Promise (<anonymous>)\n    at runWithTimeout (file:///app/node_modules/@vitest/runner/dist/chunk-artifact.js:2272:10)\n    at file:///app/node_modules/@vitest/runner/dist/chunk-artifact.js:2955:64"],"meta":{},"tags":[]},{"ancestorTitles":["§2  worker cadence order"],"fullName":"§2  worker cadence order domain \"dedup:redis\" is accepted by RETRY_REQUESTED without error","status":"failed","title":"domain \"dedup:redis\" is accepted by RETRY_REQUESTED without error","duration":2.959457999999813,"failureMessages":["AssertionError: expected false to be true // Object.is equality\n    at /app/tests/phase-7/kernels/retry-cadence-cadence.test.js:284:44\n    at file:///app/node_modules/@vitest/runner/dist/chunk-artifact.js:302:11\n    at file:///app/node_modules/@vitest/runner/dist/chunk-artifact.js:1903:26\n    at file:///app/node_modules/@vitest/runner/dist/chunk-artifact.js:2326:20\n    at new Promise (<anonymous>)\n    at runWithCancel (file:///app/node_modules/@vitest/runner/dist/chunk-artifact.js:2323:10)\n    at file:///app/node_modules/@vitest/runner/dist/chunk-artifact.js:2305:20\n    at new Promise (<anonymous>)\n    at runWithTimeout (file:///app/node_modules/@vitest/runner/dist/chunk-artifact.js:2272:10)\n    at file:///app/node_modules/@vitest/runner/dist/chunk-artifact.js:2955:64"],"meta":{},"tags":[]},{"ancestorTitles":["§2  worker cadence order"],"fullName":"§2  worker cadence order domain \"dedup:repair\" is accepted by RETRY_REQUESTED without error","status":"failed","title":"domain \"dedup:repair\" is accepted by RETRY_REQUESTED without error","duration":2.9059580000002825,"failureMessages":["AssertionError: expected false to be true // Object.is equality\n    at /app/tests/phase-7/kernels/retry-cadence-cadence.test.js:284:44\n    at file:///app/node_modules/@vitest/runner/dist/chunk-artifact.js:302:11\n    at file:///app/node_modules/@vitest/runner/dist/chunk-artifact.js:1903:26\n    at file:///app/node_modules/@vitest/runner/dist/chunk-artifact.js:2326:20\n    at new Promise (<anonymous>)\n    at runWithCancel (file:///app/node_modules/@vitest/runner/dist/chunk-artifact.js:2323:10)\n    at file:///app/node_modules/@vitest/runner/dist/chunk-artifact.js:2305:20\n    at new Promise (<anonymous>)\n    at runWithTimeout (file:///app/node_modules/@vitest/runner/dist/chunk-artifact.js:2272:10)\n    at file:///app/node_modules/@vitest/runner/dist/chunk-artifact.js:2955:64"],"meta":{},"tags":[]},{"ancestorTitles":["§2  worker cadence order"],"fullName":"§2  worker cadence order domain \"reconciliation\" is accepted by RETRY_REQUESTED without error","status":"failed","title":"domain \"reconciliation\" is accepted by RETRY_REQUESTED without error","duration":2.2554589999999735,"failureMessages":["AssertionError: expected false to be true // Object.is equality\n    at /app/tests/phase-7/kernels/retry-cadence-cadence.test.js:284:44\n    at file:///app/node_modules/@vitest/runner/dist/chunk-artifact.js:302:11\n    at file:///app/node_modules/@vitest/runner/dist/chunk-artifact.js:1903:26\n    at file:///app/node_modules/@vitest/runner/dist/chunk-artifact.js:2326:20\n    at new Promise (<anonymous>)\n    at runWithCancel (file:///app/node_modules/@vitest/runner/dist/chunk-artifact.js:2323:10)\n    at file:///app/node_modules/@vitest/runner/dist/chunk-artifact.js:2305:20\n    at new Promise (<anonymous>)\n    at runWithTimeout (file:///app/node_modules/@vitest/runner/dist/chunk-artifact.js:2272:10)\n    at file:///app/node_modules/@vitest/runner/dist/chunk-artifact.js:2955:64"],"meta":{},"tags":[]},{"ancestorTitles":["§2  worker cadence order"],"fullName":"§2  worker cadence order domain \"telemetry:runtime\" is accepted by RETRY_REQUESTED without error","status":"failed","title":"domain \"telemetry:runtime\" is accepted by RETRY_REQUESTED without error","duration":1.0811659999999392,"failureMessages":["AssertionError: expected false to be true // Object.is equality\n    at /app/tests/phase-7/kernels/retry-cadence-cadence.test.js:284:44\n    at file:///app/node_modules/@vitest/runner/dist/chunk-artifact.js:302:11\n    at file:///app/node_modules/@vitest/runner/dist/chunk-artifact.js:1903:26\n    at file:///app/node_modules/@vitest/runner/dist/chunk-artifact.js:2326:20\n    at new Promise (<anonymous>)\n    at runWithCancel (file:///app/node_modules/@vitest/runner/dist/chunk-artifact.js:2323:10)\n    at file:///app/node_modules/@vitest/runner/dist/chunk-artifact.js:2305:20\n    at new Promise (<anonymous>)\n    at runWithTimeout (file:///app/node_modules/@vitest/runner/dist/chunk-artifact.js:2272:10)\n    at file:///app/node_modules/@vitest/runner/dist/chunk-artifact.js:2955:64"],"meta":{},"tags":[]},{"ancestorTitles":["§2  worker cadence order"],"fullName":"§2  worker cadence order domain \"telemetry:integrity\" is accepted by RETRY_REQUESTED without error","status":"failed","title":"domain \"telemetry:integrity\" is accepted by RETRY_REQUESTED without error","duration":1.0617080000001806,"failureMessages":["AssertionError: expected false to be true // Object.is equality\n    at /app/tests/phase-7/kernels/retry-cadence-cadence.test.js:284:44\n    at file:///app/node_modules/@vitest/runner/dist/chunk-artifact.js:302:11\n    at file:///app/node_modules/@vitest/runner/dist/chunk-artifact.js:1903:26\n    at file:///app/node_modules/@vitest/runner/dist/chunk-artifact.js:2326:20\n    at new Promise (<anonymous>)\n    at runWithCancel (file:///app/node_modules/@vitest/runner/dist/chunk-artifact.js:2323:10)\n    at file:///app/node_modules/@vitest/runner/dist/chunk-artifact.js:2305:20\n    at new Promise (<anonymous>)\n    at runWithTimeout (file:///app/node_modules/@vitest/runner/dist/chunk-artifact.js:2272:10)\n    at file:///app/node_modules/@vitest/runner/dist/chunk-artifact.js:2955:64"],"meta":{},"tags":[]},{"ancestorTitles":["§2  worker cadence order"],"fullName":"§2  worker cadence order domain \"telemetry:authority\" is accepted by RETRY_REQUESTED without error","status":"failed","title":"domain \"telemetry:authority\" is accepted by RETRY_REQUESTED without error","duration":1.0926670000003469,"failureMessages":["AssertionError: expected false to be true // Object.is equality\n    at /app/tests/phase-7/kernels/retry-cadence-cadence.test.js:284:44\n    at file:///app/node_modules/@vitest/runner/dist/chunk-artifact.js:302:11\n    at file:///app/node_modules/@vitest/runner/dist/chunk-artifact.js:1903:26\n    at file:///app/node_modules/@vitest/runner/dist/chunk-artifact.js:2326:20\n    at new Promise (<anonymous>)\n    at runWithCancel (file:///app/node_modules/@vitest/runner/dist/chunk-artifact.js:2323:10)\n    at file:///app/node_modules/@vitest/runner/dist/chunk-artifact.js:2305:20\n    at new Promise (<anonymous>)\n    at runWithTimeout (file:///app/node_modules/@vitest/runner/dist/chunk-artifact.js:2272:10)\n    at file:///app/node_modules/@vitest/runner/dist/chunk-artifact.js:2955:64"],"meta":{},"tags":[]},{"ancestorTitles":["§2 
[...]
ned read, no /debug_token call","duration":1.1075840000000028,"failureMessages":[],"meta":{},"tags":[]},{"ancestorTitles":["Scope Substrate — detectDynamic()"],"fullName":"Scope Substrate — detectDynamic() SCENARIO 11 — cache miss falls through to /debug_token worker and dispatches DB_WRITE_REQUESTED","status":"passed","title":"SCENARIO 11 — cache miss falls through to /debug_token worker and dispatches DB_WRITE_REQUESTED","duration":1.4999579999999924,"failureMessages":[],"meta":{},"tags":[]},{"ancestorTitles":["Scope Substrate — detectDynamic()"],"fullName":"Scope Substrate — detectDynamic() SCENARIO 12 — governed read timeout falls through to /debug_token worker","status":"passed","title":"SCENARIO 12 — governed read timeout falls through to /debug_token worker","duration":0.4637079999999969,"failureMessages":[],"meta":{},"tags":[]}],"startTime":1781347032618,"endTime":1781347032627.4636,"status":"passed","message":"","name":"/app/tests/phase-7/kernels/scope-substrate-read.test.js"},{"assertionResults":[{"ancestorTitles":["Signal-Dispatch Authority Boundary (Layer 1, Phase D)","Pre-install: no FSM bound"],"fullName":"Signal-Dispatch Authority Boundary (Layer 1, Phase D) Pre-install: no FSM bound emitEvaluate returns undefined and warns once","status":"passed","title":"emitEvaluate returns undefined and warns once","duration":6.02362500000001,"failureMessages":[],"meta":{},"tags":[]},{"ancestorTitles":["Signal-Dispatch Authority Boundary (Layer 1, Phase D)","Pre-install: no FSM bound"],"fullName":"Signal-Dispatch Authority Boundary (Layer 1, Phase D) Pre-install: no FSM bound emits are warn-once-latched (multiple calls produce one warning)","status":"passed","title":"emits are warn-once-latched (multiple calls produce one warning)","duration":0.700792000000007,"failureMessages":[],"meta":{},"tags":[]},{"ancestorTitles":["Signal-Dispatch Authority Boundary (Layer 1, Phase D)","Install: FSM bound"],"fullName":"Signal-Dispatch Authority Boundary (Layer 1, Phase D) Install: FSM bound bindFsm(fsm, ctx) binds FSM into signal-dispatch","status":"passed","title":"bindFsm(fsm, ctx) binds FSM into signal-dispatch","duration":2.591000000000008,"failureMessages":[],"meta":{},"tags":[]},{"ancestorTitles":["Signal-Dispatch Authority Boundary (Layer 1, Phase D)","Install: FSM bound"],"fullName":"Signal-Dispatch Authority Boundary (Layer 1, Phase D) Install: FSM bound emitEvaluate routes through the bound FSM","status":"passed","title":"emitEvaluate routes through the bound FSM","duration":1.3029169999999795,"failureMessages":[],"meta":{},"tags":[]},{"ancestorTitles":["Signal-Dispatch Authority Boundary (Layer 1, Phase D)","Install: FSM bound"],"fullName":"Signal-Dispatch Authority Boundary (Layer 1, Phase D) Install: FSM bound emitNewAccountConnected routes through the bound FSM","status":"passed","title":"emitNewAccountConnected routes through the bound FSM","duration":0.4584999999999866,"failureMessages":[],"meta":{},"tags":[]},{"ancestorTitles":["Signal-Dispatch Authority Boundary (Layer 1, Phase D)","Install: FSM bound"],"fullName":"Signal-Dispatch Authority Boundary (Layer 1, Phase D) Install: FSM bound emitTokenRefreshed routes through the bound FSM","status":"passed","title":"emitTokenRefreshed routes through the bound FSM","duration":0.1646250000000009,"failureMessages":[],"meta":{},"tags":[]},{"ancestorTitles":["Signal-Dispatch Authority Boundary (Layer 1, Phase D)","Install: FSM bound"],"fullName":"Signal-Dispatch Authority Boundary (Layer 1, Phase D) Install: FSM bound emitEnvelope routes through the bound FSM as CAPABILITY_OBSERVATION","status":"passed","title":"emitEnvelope routes through the bound FSM as CAPABILITY_OBSERVATION","duration":1.0114580000000046,"failureMessages":[],"meta":{},"tags":[]},{"ancestorTitles":["Signal-Dispatch Authority Boundary (Layer 1, Phase D)","Install: FSM bound"],"fullName":"Signal-Dispatch Authority Boundary (Layer 1, Phase D) Install: FSM bound explicit fsm param overrides the bound FSM","status":"passed","title":"explicit fsm param overrides the bound FSM","duration":0.2029579999999953,"failureMessages":[],"meta":{},"tags":[]},{"ancestorTitles":["Signal-Dispatch Authority Boundary (Layer 1, Phase D)","Install: FSM bound"],"fullName":"Signal-Dispatch Authority Boundary (Layer 1, Phase D) Install: FSM bound emissions include the ctx as the second argument to fsm.dispatch","status":"passed","title":"emissions include the ctx as the second argument to fsm.dispatch","duration":1.3840419999999938,"failureMessages":[],"meta":{},"tags":[]},{"ancestorTitles":["Signal-Dispatch Authority Boundary (Layer 1, Phase D)","Idempotency"],"fullName":"Signal-Dispatch Authority Boundary (Layer 1, Phase D) Idempotency re-install with the same FSM is idempotent (no error)","status":"passed","title":"re-install with the same FSM is idempotent (no error)","duration":0.5897919999999885,"failureMessages":[],"meta":{},"tags":[]},{"ancestorTitles":["Signal-Dispatch Authority Boundary (Layer 1, Phase D)","Idempotency"],"fullName":"Signal-Dispatch Authority Boundary (Layer 1, Phase D) Idempotency re-install with a different FSM replaces the binding","status":"passed","title":"re-install with a different FSM replaces the binding","duration":0.3902919999999881,"failureMessages":[],"meta":{},"tags":[]},{"ancestorTitles":["Signal-Dispatch Authority Boundary (Layer 1, Phase D)","Uninstall: binding released"],"fullName":"Signal-Dispatch Authority Boundary (Layer 1, Phase D) Uninstall: binding released bindFsm(null, null) releases the FSM binding","status":"passed","title":"bindFsm(null, null) releases the FSM binding","duration":0.7942920000000129,"failureMessages":[],"meta":{},"tags":[]},{"ancestorTitles":["Signal-Dispatch Authority Boundary (Layer 1, Phase D)","Uninstall: binding released"],"fullName":"Signal-Dispatch Authority Boundary (Layer 1, Phase D) Uninstall: binding released post-uninstall emits warn again (warning latch reset on real install)","status":"passed","title":"post-uninstall emits warn again (warning latch reset on real install)","duration":0.1516669999999749,"failureMessages":[],"meta":{},"tags":[]},{"ancestorTitles":["Signal-Dispatch Authority Boundary (Layer 1, Phase D)","Error handling: never throws to caller"],"fullName":"Signal-Dispatch Authority Boundary (Layer 1, Phase D) Error handling: never throws to caller fsm.dispatch throwing is swallowed and warn is logged","status":"passed","title":"fsm.dispatch throwing is swallowed and warn is logged","duration":0.17416699999998286,"failureMessages":[],"meta":{},"tags":[]},{"ancestorTitles":["Signal-Dispatch Authority Boundary (Layer 1, Phase D)","Legacy CK binding is a no-op (kept for import-compatibility)"],"fullName":"Signal-Dispatch Authority Boundary (Layer 1, Phase D) Legacy CK binding is a no-op (kept for import-compatibility) bindCk is a no-op — does not wire emissions to CK and does not restore a fsm binding","status":"passed","title":"bindCk is a no-op — does not wire emissions to CK and does not restore a fsm binding","duration":1.2027089999999987,"failureMessages":[],"meta":{},"tags":[]},{"ancestorTitles":["Signal-Dispatch Authority Boundary (Layer 1, Phase D)","Legacy CK binding is a no-op (kept for import-compatibility)"],"fullName":"Signal-Dispatch Authority Boundary (Layer 1, Phase D) Legacy CK binding is a no-op (kept for import-compatibility) unbind via bindFsm(null, null) — bindCk is truly inert (does not un-latch warn)","status":"passed","title":"unbind via bindFsm(null, null) — bindCk is truly inert (does not un-latch warn)","duration":0.782166999999987,"failureMessages":[],"meta":{},"tags":[]}],"startTime":1781347032824,"endTime":1781347032842.7822,"status":"passed","message":"","name":"/app/tests/phase-7/kernels/signal-dispatch-boundary.test.js"},{"assertionResults":[{"ancestorTitles":["9-state registry"],"fullName":"9-state registry exactly 9 states registered","status":"passed","title":"exactly 9 states registered","duration":1.884999999999991,"failureMessages":[],"meta":{},"tags":[]},{"ancestorTitles":["9-state registry"],"fullName":"9-state registry 5 complete + 4 pending","status":"passed","title":"5 complete + 4 pending","duration":3.0651670000000024,"failureMessages":[],"meta":{},"tags":[]},{"ancestorTitles":["9-state registry"],"fullName":"9-state registry PENDING states name their missing slot","status":"passed","title":"PENDING states name their missing slot","duration":0.9957090000000051,"failureMessages":[],"meta":{},"tags":[]},{"ancestorTitles":["inferential layer"],"fullName":"inferential layer infers UNAUTHORIZED from pat.isDecryptable=false","status":"passed","title":"infers UNAUTHORIZED from pat.isDecryptable=false","duration":1.2417910000000063,"failureMessages":[],"meta":{},"tags":[]},{"ancestorTitles":["inferential layer"],"fullName":"inferential layer infers UNAUTHORIZED from uat.isDecryptable=false","status":"passed","title":"infers UNAUTHORIZED from uat.isDecryptable=false","duration":0.2012499999999875,"failureMessages":[],"meta":{},"tags":[]},{"ancestorTitles":["inferential layer"],"fullName":"inferential layer infers UNAUTHORIZED from detection.isValid=false","status":"passed","title":"infers UNAUTHORIZED from detection.isValid=false","duration":0.22725000000002638,"failureMessages":[],"meta":{},"tags":[]},{"ancestorTitles":["inferential layer"],"fullName":"inferential layer infers LIMITED when scope missing required","status":"passed","title":"infers LIMITED when scope missing required","duration":0.7143329999999821,"failureMessages":[],"meta":{},"tags":[]},{"ancestorTitles":["inferential layer"],"fullName":"inferential layer infers DEGRADED from reliabilityImpaired=true","status":"passed","title":"infers DEGRADED from reliabilityImpaired=true","duration":0.12387499999999818,"failureMessages":[],"meta":{},"tags":[]},{"ancestorTitles":["inferential layer"],"fullName":"inferential layer infers DEGRADED from stale scope cache","status":"passed","title":"infers DEGRADED from stale scope cache","duration":0.4457090000000221,"failureMessages":[],"meta":{},"tags":[]},{"ancestorTitles":["inferential layer"],"fullName":"inferential layer infers AUTHORIZED for full green envelope","status":"passed","title":"infers AUTHORIZED for full green envelope","duration":0.13495900000000915,"failureMessages":[],"meta":{},"tags":[]},{"ancestorTitles":["PENDING inference from partial envelope"],"fullName":"PENDING inference from partial envelope envelope with only pat slot → UAT_PENDING (first missing)","status":"passed","title":"envelope with only pat slot → UAT_PENDING (first missing)","duration":0.20187500000000114,"failureMessages":[],"meta":{},"tags":[]},{"ancestorTitles":["PENDING inference from partial envelope"],"fullName":"PENDING inference from partial envelope envelope with pat+uat slots → DETECTION_PENDING (first missing)","status":"passed","title":"envelope with pat+uat slots → DETECTION_PENDING (first missing)","duration":0.10195900000002212,"failureMessages":[],"meta":{},"tags":[]},{"ancestorTitles":["PENDING inference from partial envelope"],"fullName":"PENDING inference from partial envelope envelope with pat+uat+detection → SCOPE_PENDING (first missing)","status":"passed","title":"envelope with pat+uat+detection → SCOPE_PENDING (first missing)","duration":0.08483400000000074,"failureMessages":[],"meta":{},"tags":[]},{"ancestorTitles":["PENDING inference from partial envelope"],"fullName":"PENDING inference from partial envelope null envelope → UNKNOWN","status":"passed","title":"null envelope → UNKNOWN","duration":0.08004199999999173,"failureMessages":[],"meta":{},"tags":[]},{"ancestorTitles":["PENDING inference from partial envelope"],"fullName":"PENDING inference from partial envelope envelope with all 4 null → UNKNOWN (not PENDING)","status":"passed","title":"envelope with all 4 null → UNKNOWN (not PENDING)","duration":0.07495799999998098,"failureMessages":[],"meta":{},"tags":[]},{"ancestorTitles":["envelope merge"],"fullName":"envelope merge merges pat-only envelope into existing, retains existing uat","status":"passed","title":"merges pat-only envelope into existing, retains existing uat","duration":0.18641700000000583,"failureMessages":[],"meta":{},"tags":[]},{"ancestorTitles":["envelope merge"],"fullName":"envelope merge null merge returns existing","status":"passed","title":"null merge returns existing","duration":0.09087500000001114,"failureMessages":[],"meta":{},"tags":[]},{"ancestorTitles":["per-cred state isolation"],"fullName":"per-cred state isolation cred A in AUTHORIZED, cred B in UNKNOWN","status":"passed","title":"cred A in AUTHORIZED, cred B in UNKNOWN","duration":1.4004170000000045,"failureMessages":[],"meta":{},"tags":[]},{"ancestorTitles":["per-cred state isolation"],"fullName":"per-cred state isolation cred A in UNAUTHORIZED, cred B in AUTHORIZED — independent","status":"passed","title":"cred A in UNAUTHORIZED, cred B in AUTHORIZED — independent","duration":0.7917500000000075,"failureMessages":[],"meta":{},"tags":[]},{"ancestorTitles":["per-cred state isolation"],"fullName":"per-cred state isolation partial envelope for cred A leaves B untouched","status":"passed","title":"partial envelope for cred A leaves B untouched","duration":1.1276670000000024,"failureMessages":[],"meta":{},"tags":[]},{"ancestorTitles":["partial→pending→complete transition flow"],"fullName":"partial→pending→complete transition flow flow: UAT_PENDING → DETECTION_PENDING → SCOPE_PENDING → AUTHORIZED","status":"passed","title":"flow: UAT_PENDING → DETECTION_PENDING → SCOPE_PENDING → AUTHORIZED","duration":1.7393329999999878,"failureMessages":[],"meta":{},"tags":[]},{"ancestorTitles":["evidence persistence"],"fullName":"evidence persistence evidence persisted in per-cred record","status":"passed","title":"evidence persisted in per-cred record","duration":0.45949999999999136,"failureMessages":[],"meta":{},"tags":[]},{"ancestorTitles":["evidence persistence"],"fullName":"evidence persistence evidence cleared on _resetCred","status":"passed","title":"evidence cleared on _resetCred","duration":0.36404200000001197,"failureMessages":[],"meta":{},"tags":[]},{"ancestorTitles":["consecutive failures per cred"],"fullName":"consecutive failures per cred UNAUTHORIZED increments consecutive","status":"passed","title":"UNAUTHORIZED increments consecutive","duration":0.41616600000000403,"failureMessages":[],"meta":{},"tags":[]},{"ancestorTitles":["consecutive failures per cred"],"fullName":"consecutive failures per cred AUTHORIZED resets to 0","status":"passed","title":"AUTHORIZED resets to 0","duration":0.517957999999993,"failureMessages":[],"meta":{},"tags":[]},{"ancestorTitles":["verdict-gate reads per-cred FSM"],"fullName":"verdict-gate reads per-cred FSM AUTHORIZED + required scopes present → allowed","status":"passed","title":"AUTHORIZED + required scopes present → allowed","duration":0.6246250000000089,"failureMessages":[],"meta":{},"tags":[]},{"ancestorTitles":["verdict-gate reads per-cred FSM"],"fullName":"verdict-gate reads per-cred FSM LIMITED → denied with missing scopes","status":"passed","title":"LIMITED → denied with missing scopes","duration":0.5317919999999958,"failureMessages":[],"meta":{},"tags":[]},{"ancestorTitles":["verdict-gate reads per-cred FSM"],"fullName":"verdict-gate reads per-cred FSM PAT_PENDING → denied with reason naming the missing slot","status":"passed","title":"PAT_PENDING → denied with reason naming the missing slot","duration":0.8823330000000169,"failureMessages":[],"meta":{},"tags":[]},{"ancestorTitles":["verdict-gate reads per-cred FSM"],"fullName":"verdict-gate reads per-cred FSM UNAUTHORIZED → denied","status":"passed","title":"UNAUTHORIZED → denied","duration":1.170375000000007,"failureMessages":[],"meta":{},"tags":[]},{"ancestorTitles":["verdict-gate reads per-cred FSM"],"fullName":"verdict-gate reads per-cred FSM DEGRADED → allowed (with warning reason)","status":"passed","title":"DEGRADED → allowed (with warning reason)","duration":0.521000000000015,"failureMessages":[],"meta":{},"tags":[]},{"ancestorTitles":["verdict-gate reads per-cred FSM"],"fullName":"verdict-gate reads per-cred FSM UNKNOWN cred → denied with capability-not-yet-evaluated","status":"passed","title":"UNKNOWN cred → denied with capability-not-yet-evaluated","duration":0.10966700000000174,"failureMessages":[],"meta":{},"tags":[]},{"ancestorTitles":["verdict-gate reads per-cred FSM"],"fullName":"verdict-gate reads per-cred FSM peekVerdict returns per-cred state","status":"passed","title":"peekVerdict returns per-cred state","duration":0.28537500000001614,"failureMessages":[],"meta":{},"tags":[]},{"ancestorTitles":["FSM is sole interpreter"],"fullName":"FSM is sole interpreter verdict-gate does not mutate state","status":"passed","title":"verdict-gate does not mutate state","duration":0.2426670000000115,"failureMessages":[],"meta":{},"tags":[]},{"ancestorTitles":["FSM is sole interpreter"],"fullName":"FSM is sole interpreter FSM has no public setter for state","status":"passed","title":"FSM has no public setter for state","duration":0.1699169999999981,"failureMessages":[],"meta":{},"tags":[]},{"ancestorTitles":["event validation"],"fullName":"event validation rejects null event","status":"passed","title":"rejects null event","duration":0.0719580000000235,"failureMessages":[],"meta":{},"tags":[]},{"ancestorTitles":["event validation"],"fullName":"event validation rejects unknown event type","status":"passed","title":"rejects unknown event type","duration":0.05125000000001023,"failureMessages":[],"meta":{},"tags":[]},{"ancestorTitles":["event validation"],"fullName":"event validation rejects CAPABILITY_OBSERVATION without envelope","status":"passed","title":"rejects CAPABILITY_OBSERVATION without envelope","duration":0.06629099999997834,"failureMessages":[],"meta":{},"tags":[]},{"ancestorTitles":["event validation"],"fullName":"event validation rejects CAPABILITY_OBSERVATION without businessAccountId","status":"passed","title":"rejects CAPABILITY_OBSERVATION without businessAccountId","duration":0.07341700000000628,"failureMessages":[],"meta":{},"tags":[]},{"ancestorTitles":["listCreds"],"fullName":"listCreds lists all creds that have been observed","status":"passed","title":"lists all creds that have been observed","duration":0.5941669999999988,"failureMessages":[],"meta":{},"tags":[]}],"startTime":1781347032057,"endTime":1781347032080.5942,"status":"passed","message":"","name":"/app/tests/phase-7/kernels/strengthened-fsm.test.js"},{"assertionResults":[],"startTime":1781346985774,"endTime":1781346985774,"status":"failed","message":"Vitest cannot be imported in a CommonJS module using require(). Please use \"import\" instead.\n\nIf you are using \"import\" in your source code, then it's possible it was bundled into require() automatically by your bundler. In that case, do not bundle CommonJS output since it will never work with Vitest, or use dynamic import() which is available in all CommonJS modules.","name":"/app/tests/phase-7/kernels/telemetry-cadence.test.js"},{"assertionResults":[{"ancestorTitles":["Telemetry Kernel — Phase 7 runtime validation battery"],"fullName":"Telemetry Kernel — Phase 7 runtime validation battery passes the 7-category battery","status":"passed","title":"passes the 7-category battery","duration":1895.815043,"failureMessages":[],"meta":{},"tags":[]}],"startTime":1781347011727,"endTime":1781347013622.815,"status":"passed","message":"","name":"/app/tests/phase-7/kernels/telemetry.test.js"},{"assertionResults":[{"ancestorTitles":["UAT Refresh — Phase 7 runtime simulation battery"],"fullName":"UAT Refresh — Phase 7 runtime simulation battery passes the 7-category battery against the real runtime","status":"passed","title":"passes the 7-category battery against the real runtime","duration":2097.5175849999996,"failureMessages":[],"meta":{},"tags":[]}],"startTime":1781346988285,"endTime":1781346990382.5176,"status":"passed","message":"","name":"/app/tests/phase-7/kernels/uat-refresh.test.js"}]}